2019-07-22 01:05:19,341: INFO: terminal dims - width: 176 and height: 31
2019-07-22 01:05:20,604: DEBUG: canvas created with width: 176 and height: 31
2019-07-22 01:05:21,242: DEBUG: Apple Created at coords (165, 31)
2019-07-22 01:05:39,178: INFO: terminal dims - width: 176 and height: 31
2019-07-22 01:05:40,216: DEBUG: canvas created with width: 176 and height: 31
2019-07-22 01:05:40,530: DEBUG: Apple Created at coords (143, 31)
2019-07-22 01:05:41,371: INFO: basket coords: {(135, 3), (129, 3), (140, 1), (137, 1), (138, 2), (142, 4), (141, 4), (139, 2), (147, 4), (146, 4), (144, 2), (130, 1), (143, 1), (145, 3), (134, 2), (137, 4), (133, 1), (128, 3), (138, 3), (135, 2), (129, 2), (140, 2), (131, 3), (141, 3), (133, 2), (136, 1), (144, 3), (132, 4), (134, 3), (145, 2), (142, 1), (139, 1), (128, 4), (143, 4), (130, 2), (132, 1), (129, 1), (140, 3), (134, 4), (133, 4), (131, 2), (139, 4), (138, 4), (136, 2), (144, 4), (141, 2), (143, 3), (135, 1), (137, 3), (129, 4), (130, 3), (138, 1), (132, 2), (142, 2), (145, 4), (133, 3), (128, 1), (141, 1), (136, 3), (146, 3), (128, 2), (143, 2), (137, 2), (134, 1), (131, 1), (139, 3), (135, 4), (144, 1), (140, 4), (132, 3), (142, 3), (131, 4), (130, 4), (136, 4)}
2019-07-22 01:05:41,372: INFO: apple_coords: {(143, 2), (143, 3), (144, 3), (144, 2), (145, 1), (143, 1), (145, 2), (144, 1), (145, 3)}
2019-07-22 01:05:41,372: INFO: apple caught with overlap coords: ({(143, 2), (143, 3), (144, 3), (144, 2), (143, 1), (145, 2), (144, 1), (145, 3)})
2019-07-22 01:05:41,373: DEBUG: Apple has fallen at coords (143, 1)
2019-07-22 01:05:41,373: DEBUG: Apple has fallen at coords (143, 0)
2019-07-22 01:05:41,714: DEBUG: Apple Created at coords (159, 31)
2019-07-22 01:05:41,898: DEBUG: Apple Created at coords (8, 31)
2019-07-22 01:05:42,264: DEBUG: Apple Created at coords (67, 31)
2019-07-22 01:05:42,322: DEBUG: Apple Created at coords (109, 31)
2019-07-22 01:05:42,477: DEBUG: Apple Created at coords (156, 31)
2019-07-22 01:05:42,566: DEBUG: Apple has fallen at coords (159, 0)
2019-07-22 01:05:42,738: DEBUG: Apple has fallen at coords (8, 0)
2019-07-22 01:05:42,901: DEBUG: Apple Created at coords (6, 31)
2019-07-22 01:05:43,154: DEBUG: Apple has fallen at coords (67, 0)
2019-07-22 01:05:43,155: INFO: basket coords: {(108, 2), (118, 2), (121, 4), (109, 3), (117, 1), (112, 3), (122, 3), (119, 2), (113, 2), (124, 2), (110, 1), (115, 3), (125, 3), (111, 4), (120, 1), (116, 4), (108, 3), (118, 3), (123, 1), (109, 2), (112, 4), (127, 4), (111, 3), (114, 2), (116, 1), (113, 1), (124, 3), (118, 4), (117, 4), (115, 2), (123, 4), (122, 4), (120, 2), (125, 2), (119, 1), (121, 3), (110, 2), (113, 4), (109, 1), (114, 3), (111, 2), (122, 1), (116, 2), (123, 2), (117, 3), (112, 1), (120, 3), (108, 4), (110, 3), (121, 2), (118, 1), (115, 1), (123, 3), (119, 4), (124, 4), (108, 1), (116, 3), (126, 3), (110, 4), (109, 4), (115, 4), (114, 4), (112, 2), (120, 4), (117, 2), (119, 3), (122, 2), (113, 3), (111, 1), (121, 1), (124, 1), (126, 4), (125, 4), (114, 1)}
2019-07-22 01:05:43,156: INFO: apple_coords: {(110, 5), (109, 3), (110, 4), (109, 4), (110, 3), (111, 3), (109, 5), (111, 4), (111, 5)}
2019-07-22 01:05:43,156: INFO: apple caught with overlap coords: ({(109, 3), (110, 4), (109, 4), (111, 3), (111, 4), (110, 3)})
2019-07-22 01:05:43,157: DEBUG: Apple has fallen at coords (109, 3)
2019-07-22 01:05:43,385: DEBUG: Apple has fallen at coords (156, 0)
2019-07-22 01:05:43,816: DEBUG: Apple has fallen at coords (6, 0)
2019-07-22 01:05:44,345: DEBUG: Apple Created at coords (88, 31)
2019-07-22 01:05:44,536: DEBUG: Apple Created at coords (46, 31)
2019-07-22 01:05:45,169: DEBUG: Apple Created at coords (26, 31)
2019-07-22 01:05:45,215: DEBUG: Apple has fallen at coords (88, 0)
2019-07-22 01:05:45,386: DEBUG: Apple has fallen at coords (46, 0)
2019-07-22 01:05:45,650: DEBUG: Apple Created at coords (122, 31)
2019-07-22 01:05:45,900: DEBUG: Apple Created at coords (57, 31)
2019-07-22 01:05:45,953: INFO: basket coords: {(23, 4), (32, 1), (40, 3), (28, 4), (30, 3), (38, 1), (35, 1), (24, 4), (39, 4), (23, 3), (26, 2), (28, 1), (25, 1), (36, 3), (30, 4), (29, 4), (27, 2), (35, 4), (34, 4), (32, 2), (40, 4), (37, 2), (39, 3), (31, 1), (33, 3), (25, 4), (26, 3), (23, 2), (34, 1), (28, 2), (38, 2), (41, 4), (29, 3), (24, 1), (37, 1), (32, 3), (39, 2), (33, 2), (30, 1), (27, 1), (35, 3), (31, 4), (36, 4), (28, 3), (38, 3), (27, 4), (26, 4), (24, 2), (32, 4), (29, 2), (31, 3), (34, 2), (25, 3), (23, 1), (33, 1), (36, 1), (38, 4), (37, 4), (35, 2), (42, 4), (40, 2), (26, 1), (39, 1), (41, 3), (30, 2), (33, 4), (29, 1), (24, 3), (34, 3), (31, 2), (25, 2), (36, 2), (27, 3), (37, 3)}
2019-07-22 01:05:45,953: INFO: apple_coords: {(28, 5), (28, 4), (27, 6), (26, 5), (27, 4), (26, 4), (27, 5), (26, 6), (28, 6)}
2019-07-22 01:05:45,953: INFO: apple caught with overlap coords: ({(28, 4), (27, 4), (26, 4)})
2019-07-22 01:05:45,953: DEBUG: Apple has fallen at coords (26, 4)
2019-07-22 01:05:46,524: DEBUG: Apple has fallen at coords (122, 0)
2019-07-22 01:05:46,663: INFO: basket coords: {(50, 3), (58, 1), (52, 2), (62, 2), (65, 4), (53, 3), (48, 1), (61, 1), (56, 3), (66, 3), (63, 2), (57, 2), (54, 1), (51, 1), (59, 3), (55, 4), (64, 1), (60, 4), (52, 3), (55, 1), (62, 3), (51, 4), (50, 4), (48, 2), (56, 4), (53, 2), (55, 3), (58, 2), (49, 3), (60, 1), (57, 1), (62, 4), (61, 4), (59, 2), (67, 4), (66, 4), (64, 2), (50, 1), (63, 1), (65, 3), (54, 2), (57, 4), (53, 1), (48, 3), (58, 3), (55, 2), (49, 2), (60, 2), (51, 3), (61, 3), (56, 1), (64, 3), (52, 4), (54, 3), (65, 2), (62, 1), (59, 1), (48, 4), (63, 4), (50, 2), (52, 1), (49, 1), (60, 3), (54, 4), (53, 4), (51, 2), (59, 4), (58, 4), (56, 2), (64, 4), (61, 2), (63, 3), (57, 3), (49, 4)}
2019-07-22 01:05:46,664: INFO: apple_coords: {(57, 4), (57, 5), (57, 6), (59, 6), (58, 5), (59, 4), (58, 4), (59, 5), (58, 6)}
2019-07-22 01:05:46,664: INFO: apple caught with overlap coords: ({(59, 4), (58, 4), (57, 4)})
2019-07-22 01:05:46,664: DEBUG: Apple has fallen at coords (57, 4)
2019-07-22 01:05:46,868: DEBUG: Apple Created at coords (77, 31)
2019-07-22 01:05:47,654: INFO: basket coords: {(86, 3), (70, 4), (69, 4), (75, 4), (74, 4), (72, 2), (80, 4), (77, 2), (79, 3), (82, 2), (73, 3), (71, 1), (81, 1), (84, 1), (86, 4), (85, 4), (83, 2), (74, 1), (68, 2), (78, 2), (81, 4), (69, 3), (77, 1), (72, 3), (82, 3), (79, 2), (73, 2), (84, 2), (70, 1), (75, 3), (85, 3), (71, 4), (80, 1), (76, 4), (68, 3), (78, 3), (83, 1), (69, 2), (72, 4), (87, 4), (71, 3), (74, 2), (76, 1), (73, 1), (84, 3), (78, 4), (77, 4), (75, 2), (83, 4), (82, 4), (80, 2), (85, 2), (79, 1), (81, 3), (70, 2), (73, 4), (69, 1), (74, 3), (71, 2), (82, 1), (76, 2), (77, 3), (72, 1), (80, 3), (68, 4), (70, 3), (81, 2), (78, 1), (75, 1), (83, 3), (79, 4), (84, 4), (68, 1), (76, 3)}
2019-07-22 01:05:47,654: INFO: apple_coords: {(78, 5), (78, 4), (77, 4), (77, 5), (78, 6), (77, 6), (79, 6), (79, 4), (79, 5)}
2019-07-22 01:05:47,655: INFO: apple caught with overlap coords: ({(79, 4), (78, 4), (77, 4)})
2019-07-22 01:05:47,655: DEBUG: Apple has fallen at coords (77, 4)
2019-07-22 01:05:47,952: DEBUG: Apple Created at coords (27, 31)
2019-07-22 01:05:48,009: DEBUG: Apple Created at coords (4, 31)
2019-07-22 01:05:48,842: INFO: basket coords: {(32, 1), (40, 3), (28, 4), (30, 3), (41, 2), (38, 1), (35, 1), (43, 3), (39, 4), (44, 4), (28, 1), (36, 3), (46, 3), (30, 4), (29, 4), (35, 4), (34, 4), (32, 2), (40, 4), (37, 2), (39, 3), (42, 2), (33, 3), (31, 1), (41, 1), (44, 1), (46, 4), (45, 4), (43, 2), (34, 1), (28, 2), (38, 2), (41, 4), (29, 3), (37, 1), (32, 3), (42, 3), (39, 2), (33, 2), (44, 2), (30, 1), (35, 3), (45, 3), (31, 4), (40, 1), (36, 4), (28, 3), (38, 3), (43, 1), (29, 2), (32, 4), (47, 4), (31, 3), (34, 2), (36, 1), (33, 1), (44, 3), (38, 4), (37, 4), (35, 2), (43, 4), (42, 4), (40, 2), (45, 2), (39, 1), (41, 3), (30, 2), (33, 4), (29, 1), (34, 3), (31, 2), (42, 1), (36, 2), (37, 3)}
2019-07-22 01:05:48,843: INFO: apple_coords: {(27, 1), (28, 3), (28, 2), (29, 1), (29, 2), (28, 1), (29, 3), (27, 2), (27, 3)}
2019-07-22 01:05:48,843: INFO: apple caught with overlap coords: ({(28, 3), (28, 2), (29, 1), (28, 1), (29, 2), (29, 3)})
2019-07-22 01:05:48,843: DEBUG: Apple has fallen at coords (27, 1)
2019-07-22 01:05:48,843: DEBUG: Apple has fallen at coords (27, 0)
2019-07-22 01:05:48,900: DEBUG: Apple has fallen at coords (4, 0)
2019-07-22 01:05:48,911: DEBUG: Apple Created at coords (129, 31)
2019-07-22 01:05:49,043: DEBUG: Apple Created at coords (35, 31)
2019-07-22 01:05:49,494: DEBUG: Apple Created at coords (169, 31)
2019-07-22 01:05:49,819: DEBUG: Apple has fallen at coords (129, 0)
2019-07-22 01:05:49,848: INFO: basket coords: {(32, 1), (40, 3), (28, 4), (30, 3), (41, 2), (38, 1), (35, 1), (43, 3), (39, 4), (44, 4), (28, 1), (36, 3), (46, 3), (30, 4), (29, 4), (35, 4), (34, 4), (32, 2), (40, 4), (37, 2), (39, 3), (42, 2), (33, 3), (31, 1), (41, 1), (44, 1), (46, 4), (45, 4), (43, 2), (34, 1), (28, 2), (38, 2), (41, 4), (29, 3), (37, 1), (32, 3), (42, 3), (39, 2), (33, 2), (44, 2), (30, 1), (35, 3), (45, 3), (31, 4), (40, 1), (36, 4), (28, 3), (38, 3), (43, 1), (29, 2), (32, 4), (47, 4), (31, 3), (34, 2), (36, 1), (33, 1), (44, 3), (38, 4), (37, 4), (35, 2), (43, 4), (42, 4), (40, 2), (45, 2), (39, 1), (41, 3), (30, 2), (33, 4), (29, 1), (34, 3), (31, 2), (42, 1), (36, 2), (37, 3)}
2019-07-22 01:05:49,848: INFO: apple_coords: {(37, 4), (36, 6), (37, 5), (37, 6), (36, 5), (36, 4), (35, 6), (35, 4), (35, 5)}
2019-07-22 01:05:49,848: INFO: apple caught with overlap coords: ({(37, 4), (36, 4), (35, 4)})
2019-07-22 01:05:49,848: DEBUG: Apple has fallen at coords (35, 4)
2019-07-22 01:05:50,434: DEBUG: Apple has fallen at coords (169, 0)
2019-07-22 01:05:50,504: DEBUG: Apple Created at coords (81, 31)
2019-07-22 01:05:51,254: DEBUG: Apple Created at coords (158, 31)
2019-07-22 01:05:51,361: INFO: basket coords: {(70, 4), (69, 4), (67, 2), (75, 4), (74, 4), (72, 2), (80, 4), (77, 2), (79, 3), (71, 1), (73, 3), (65, 4), (66, 3), (63, 2), (74, 1), (68, 2), (66, 2), (78, 2), (81, 4), (69, 3), (64, 1), (77, 1), (72, 3), (79, 2), (73, 2), (70, 1), (67, 1), (75, 3), (71, 4), (76, 4), (68, 3), (78, 3), (67, 4), (66, 4), (64, 2), (72, 4), (69, 2), (71, 3), (74, 2), (65, 3), (63, 1), (73, 1), (76, 1), (78, 4), (77, 4), (75, 2), (82, 4), (80, 2), (66, 1), (79, 1), (81, 3), (70, 2), (73, 4), (69, 1), (64, 3), (74, 3), (71, 2), (65, 2), (76, 2), (67, 3), (77, 3), (63, 4), (72, 1), (80, 3), (68, 4), (70, 3), (78, 1), (75, 1), (64, 4), (79, 4), (63, 3), (68, 1), (65, 1), (76, 3)}
2019-07-22 01:05:51,362: INFO: apple_coords: {(81, 5), (82, 3), (82, 5), (83, 4), (82, 4), (83, 5), (81, 3), (83, 3), (81, 4)}
2019-07-22 01:05:51,362: INFO: apple caught with overlap coords: ({(81, 3), (82, 4), (81, 4)})
2019-07-22 01:05:51,363: DEBUG: Apple has fallen at coords (81, 3)
2019-07-22 01:05:52,172: DEBUG: Apple has fallen at coords (158, 0)
2019-07-22 01:05:52,184: DEBUG: Apple Created at coords (57, 31)
2019-07-22 01:05:52,341: DEBUG: Apple Created at coords (105, 31)
2019-07-22 01:05:53,033: INFO: basket coords: {(70, 4), (69, 4), (67, 2), (58, 1), (62, 2), (65, 4), (53, 3), (61, 1), (56, 3), (66, 3), (63, 2), (57, 2), (68, 2), (54, 1), (66, 2), (59, 3), (69, 3), (55, 4), (64, 1), (60, 4), (55, 1), (62, 3), (67, 1), (53, 2), (56, 4), (71, 4), (55, 3), (58, 2), (60, 1), (57, 1), (68, 3), (62, 4), (61, 4), (59, 2), (67, 4), (66, 4), (64, 2), (72, 4), (69, 2), (71, 3), (63, 1), (65, 3), (54, 2), (57, 4), (53, 1), (58, 3), (55, 2), (66, 1), (60, 2), (70, 2), (61, 3), (56, 1), (69, 1), (64, 3), (54, 3), (65, 2), (62, 1), (59, 1), (67, 3), (63, 4), (68, 4), (60, 3), (70, 3), (54, 4), (53, 4), (59, 4), (58, 4), (56, 2), (64, 4), (61, 2), (63, 3), (57, 3), (68, 1), (65, 1)}
2019-07-22 01:05:53,034: INFO: apple_coords: {(57, 4), (57, 5), (57, 6), (59, 6), (58, 5), (59, 4), (58, 4), (59, 5), (58, 6)}
2019-07-22 01:05:53,034: INFO: apple caught with overlap coords: ({(59, 4), (58, 4), (57, 4)})
2019-07-22 01:05:53,034: DEBUG: Apple has fallen at coords (57, 4)
2019-07-22 01:05:53,118: DEBUG: Apple Created at coords (141, 31)
2019-07-22 01:05:53,278: DEBUG: Apple has fallen at coords (105, 0)
2019-07-22 01:05:54,042: DEBUG: Apple has fallen at coords (141, 0)
2019-07-22 01:05:55,295: DEBUG: Apple Created at coords (63, 31)
2019-07-22 01:05:55,434: DEBUG: Apple Created at coords (129, 31)
2019-07-22 01:05:56,120: INFO: basket coords: {(50, 3), (58, 1), (52, 2), (62, 2), (65, 4), (53, 3), (48, 1), (61, 1), (56, 3), (66, 3), (63, 2), (57, 2), (54, 1), (51, 1), (59, 3), (55, 4), (64, 1), (60, 4), (52, 3), (55, 1), (62, 3), (51, 4), (50, 4), (48, 2), (56, 4), (53, 2), (55, 3), (58, 2), (49, 3), (60, 1), (57, 1), (62, 4), (61, 4), (59, 2), (67, 4), (66, 4), (64, 2), (50, 1), (63, 1), (65, 3), (54, 2), (57, 4), (53, 1), (48, 3), (58, 3), (55, 2), (49, 2), (60, 2), (51, 3), (61, 3), (56, 1), (64, 3), (52, 4), (54, 3), (65, 2), (62, 1), (59, 1), (48, 4), (63, 4), (50, 2), (52, 1), (49, 1), (60, 3), (54, 4), (53, 4), (51, 2), (59, 4), (58, 4), (56, 2), (64, 4), (61, 2), (63, 3), (57, 3), (49, 4)}
2019-07-22 01:05:56,120: INFO: apple_coords: {(63, 6), (63, 4), (63, 5), (65, 4), (64, 6), (65, 5), (65, 6), (64, 5), (64, 4)}
2019-07-22 01:05:56,120: INFO: apple caught with overlap coords: ({(63, 4), (65, 4), (64, 4)})
2019-07-22 01:05:56,120: DEBUG: Apple has fallen at coords (63, 4)
2019-07-22 01:05:56,328: DEBUG: Apple has fallen at coords (129, 0)
2019-07-22 01:05:57,265: DEBUG: Apple Created at coords (30, 31)
2019-07-22 01:05:58,067: INFO: basket coords: {(23, 4), (32, 1), (28, 4), (20, 3), (30, 3), (19, 4), (18, 4), (21, 2), (24, 4), (26, 2), (23, 3), (28, 1), (25, 1), (36, 3), (30, 4), (29, 4), (27, 2), (35, 4), (34, 4), (32, 2), (18, 1), (31, 1), (33, 3), (22, 2), (25, 4), (21, 1), (26, 3), (23, 2), (34, 1), (28, 2), (19, 3), (29, 3), (24, 1), (32, 3), (20, 4), (22, 3), (33, 2), (30, 1), (27, 1), (35, 3), (18, 2), (31, 4), (36, 4), (20, 1), (28, 3), (22, 4), (21, 4), (19, 2), (27, 4), (26, 4), (24, 2), (32, 4), (29, 2), (31, 3), (34, 2), (25, 3), (23, 1), (33, 1), (37, 4), (35, 2), (18, 3), (26, 1), (20, 2), (30, 2), (33, 4), (21, 3), (29, 1), (24, 3), (34, 3), (31, 2), (25, 2), (22, 1), (19, 1), (27, 3)}
2019-07-22 01:05:58,067: INFO: apple_coords: {(31, 6), (31, 4), (31, 5), (32, 6), (32, 5), (30, 5), (32, 4), (30, 4), (30, 6)}
2019-07-22 01:05:58,067: INFO: apple caught with overlap coords: ({(31, 4), (30, 4), (32, 4)})
2019-07-22 01:05:58,068: DEBUG: Apple has fallen at coords (30, 4)
2019-07-22 01:05:59,365: DEBUG: Apple Created at coords (64, 31)
2019-07-22 01:05:59,511: DEBUG: Apple Created at coords (128, 31)
2019-07-22 01:05:59,921: DEBUG: Apple Created at coords (43, 31)
2019-07-22 01:06:00,167: DEBUG: Apple Created at coords (163, 31)
2019-07-22 01:06:00,169: INFO: basket coords: {(70, 4), (69, 4), (67, 2), (75, 4), (74, 4), (72, 2), (58, 1), (71, 1), (73, 3), (62, 2), (65, 4), (61, 1), (66, 3), (63, 2), (74, 1), (68, 2), (66, 2), (59, 3), (69, 3), (64, 1), (72, 3), (60, 4), (62, 3), (73, 2), (70, 1), (67, 1), (75, 3), (58, 2), (71, 4), (76, 4), (60, 1), (68, 3), (62, 4), (61, 4), (59, 2), (67, 4), (66, 4), (64, 2), (72, 4), (69, 2), (71, 3), (74, 2), (65, 3), (63, 1), (73, 1), (77, 4), (75, 2), (58, 3), (66, 1), (60, 2), (70, 2), (73, 4), (61, 3), (69, 1), (64, 3), (74, 3), (71, 2), (65, 2), (62, 1), (59, 1), (67, 3), (63, 4), (72, 1), (68, 4), (60, 3), (70, 3), (59, 4), (58, 4), (61, 2), (64, 4), (63, 3), (68, 1), (65, 1), (76, 3)}
2019-07-22 01:06:00,169: INFO: apple_coords: {(66, 6), (65, 4), (64, 6), (65, 5), (65, 6), (64, 5), (64, 4), (66, 5), (66, 4)}
2019-07-22 01:06:00,169: INFO: apple caught with overlap coords: ({(66, 4), (65, 4), (64, 4)})
2019-07-22 01:06:00,170: DEBUG: Apple has fallen at coords (64, 4)
2019-07-22 01:06:00,417: DEBUG: Apple has fallen at coords (128, 0)
2019-07-22 01:06:00,832: DEBUG: Apple Created at coords (74, 31)
2019-07-22 01:06:00,851: DEBUG: Apple has fallen at coords (43, 0)
2019-07-22 01:06:01,093: DEBUG: Apple has fallen at coords (163, 0)
2019-07-22 01:06:01,134: DEBUG: Apple Created at coords (77, 31)
2019-07-22 01:06:01,426: DEBUG: Apple Created at coords (82, 31)
2019-07-22 01:06:01,673: INFO: basket coords: {(86, 3), (75, 4), (74, 4), (77, 2), (80, 4), (82, 2), (79, 3), (73, 3), (84, 1), (81, 1), (86, 4), (85, 4), (83, 2), (91, 4), (90, 4), (88, 2), (74, 1), (87, 1), (89, 3), (78, 2), (81, 4), (77, 1), (82, 3), (79, 2), (73, 2), (84, 2), (75, 3), (85, 3), (80, 1), (88, 3), (76, 4), (78, 3), (89, 2), (86, 1), (83, 1), (91, 3), (74, 2), (87, 4), (92, 4), (76, 1), (73, 1), (84, 3), (78, 4), (77, 4), (75, 2), (83, 4), (82, 4), (80, 2), (88, 4), (85, 2), (87, 3), (90, 2), (81, 3), (79, 1), (88, 1), (73, 4), (89, 1), (74, 3), (82, 1), (76, 2), (86, 2), (89, 4), (77, 3), (85, 1), (80, 3), (90, 3), (87, 2), (81, 2), (78, 1), (75, 1), (83, 3), (79, 4), (84, 4), (76, 3)}
2019-07-22 01:06:01,673: INFO: apple_coords: {(74, 5), (75, 4), (74, 4), (75, 5), (74, 6), (76, 6), (76, 5), (76, 4), (75, 6)}
2019-07-22 01:06:01,673: INFO: apple caught with overlap coords: ({(76, 4), (75, 4), (74, 4)})
2019-07-22 01:06:01,673: DEBUG: Apple has fallen at coords (74, 4)
2019-07-22 01:06:01,972: INFO: basket coords: {(86, 3), (75, 4), (74, 4), (77, 2), (80, 4), (82, 2), (79, 3), (73, 3), (84, 1), (81, 1), (86, 4), (85, 4), (83, 2), (91, 4), (90, 4), (88, 2), (74, 1), (87, 1), (89, 3), (78, 2), (81, 4), (77, 1), (82, 3), (79, 2), (73, 2), (84, 2), (75, 3), (85, 3), (80, 1), (88, 3), (76, 4), (78, 3), (89, 2), (86, 1), (83, 1), (91, 3), (74, 2), (87, 4), (92, 4), (76, 1), (73, 1), (84, 3), (78, 4), (77, 4), (75, 2), (83, 4), (82, 4), (80, 2), (88, 4), (85, 2), (87, 3), (90, 2), (81, 3), (79, 1), (88, 1), (73, 4), (89, 1), (74, 3), (82, 1), (76, 2), (86, 2), (89, 4), (77, 3), (85, 1), (80, 3), (90, 3), (87, 2), (81, 2), (78, 1), (75, 1), (83, 3), (79, 4), (84, 4), (76, 3)}
2019-07-22 01:06:01,973: INFO: apple_coords: {(78, 5), (78, 4), (77, 4), (77, 5), (78, 6), (77, 6), (79, 6), (79, 4), (79, 5)}
2019-07-22 01:06:01,973: INFO: apple caught with overlap coords: ({(79, 4), (78, 4), (77, 4)})
2019-07-22 01:06:01,973: DEBUG: Apple has fallen at coords (77, 4)
2019-07-22 01:06:02,169: DEBUG: Apple Created at coords (57, 31)
2019-07-22 01:06:02,247: INFO: basket coords: {(86, 3), (94, 1), (91, 1), (80, 4), (95, 4), (79, 3), (82, 2), (84, 1), (81, 1), (92, 3), (86, 4), (85, 4), (83, 2), (91, 4), (90, 4), (88, 2), (96, 4), (93, 2), (95, 3), (87, 1), (89, 3), (78, 2), (81, 4), (82, 3), (79, 2), (90, 1), (84, 2), (94, 2), (97, 4), (85, 3), (80, 1), (93, 1), (88, 3), (95, 2), (78, 3), (89, 2), (86, 1), (83, 1), (91, 3), (87, 4), (92, 4), (84, 3), (94, 3), (78, 4), (83, 4), (82, 4), (80, 2), (88, 4), (85, 2), (87, 3), (90, 2), (81, 3), (79, 1), (88, 1), (89, 1), (92, 1), (94, 4), (93, 4), (91, 2), (82, 1), (86, 2), (89, 4), (85, 1), (80, 3), (90, 3), (87, 2), (81, 2), (92, 2), (78, 1), (83, 3), (93, 3), (79, 4), (96, 3), (84, 4)}
2019-07-22 01:06:02,248: INFO: apple_coords: {(83, 6), (82, 5), (83, 4), (82, 4), (83, 5), (82, 6), (84, 6), (84, 5), (84, 4)}
2019-07-22 01:06:02,248: INFO: apple caught with overlap coords: ({(84, 4), (83, 4), (82, 4)})
2019-07-22 01:06:02,248: DEBUG: Apple has fallen at coords (82, 4)
2019-07-22 01:06:02,830: DEBUG: Apple Created at coords (35, 31)
2019-07-22 01:06:02,983: INFO: basket coords: {(45, 1), (40, 3), (50, 3), (47, 2), (41, 2), (52, 2), (38, 1), (43, 3), (53, 3), (39, 4), (48, 1), (56, 3), (44, 4), (46, 3), (54, 1), (51, 1), (40, 4), (55, 4), (39, 3), (42, 2), (44, 1), (41, 1), (52, 3), (46, 4), (45, 4), (43, 2), (51, 4), (50, 4), (48, 2), (56, 4), (53, 2), (55, 3), (47, 1), (49, 3), (38, 2), (41, 4), (42, 3), (39, 2), (50, 1), (44, 2), (54, 2), (57, 4), (45, 3), (40, 1), (53, 1), (48, 3), (55, 2), (38, 3), (49, 2), (46, 1), (43, 1), (51, 3), (47, 4), (52, 4), (44, 3), (54, 3), (38, 4), (43, 4), (42, 4), (40, 2), (48, 4), (45, 2), (47, 3), (50, 2), (41, 3), (39, 1), (49, 1), (52, 1), (54, 4), (53, 4), (51, 2), (42, 1), (46, 2), (49, 4)}
2019-07-22 01:06:02,984: INFO: apple_coords: {(57, 4), (57, 5), (57, 6), (59, 6), (58, 5), (59, 4), (58, 4), (59, 5), (58, 6)}
2019-07-22 01:06:02,984: INFO: apple caught with overlap coords: ({(57, 4)})
2019-07-22 01:06:02,984: DEBUG: Apple has fallen at coords (57, 4)
2019-07-22 01:06:03,673: INFO: basket coords: {(32, 1), (40, 3), (28, 4), (30, 3), (41, 2), (38, 1), (35, 1), (43, 3), (39, 4), (44, 4), (28, 1), (36, 3), (46, 3), (30, 4), (29, 4), (35, 4), (34, 4), (32, 2), (40, 4), (37, 2), (39, 3), (42, 2), (33, 3), (31, 1), (41, 1), (44, 1), (46, 4), (45, 4), (43, 2), (34, 1), (28, 2), (38, 2), (41, 4), (29, 3), (37, 1), (32, 3), (42, 3), (39, 2), (33, 2), (44, 2), (30, 1), (35, 3), (45, 3), (31, 4), (40, 1), (36, 4), (28, 3), (38, 3), (43, 1), (29, 2), (32, 4), (47, 4), (31, 3), (34, 2), (36, 1), (33, 1), (44, 3), (38, 4), (37, 4), (35, 2), (43, 4), (42, 4), (40, 2), (45, 2), (39, 1), (41, 3), (30, 2), (33, 4), (29, 1), (34, 3), (31, 2), (42, 1), (36, 2), (37, 3)}
2019-07-22 01:06:03,673: INFO: apple_coords: {(37, 4), (36, 6), (37, 5), (37, 6), (36, 5), (36, 4), (35, 6), (35, 4), (35, 5)}
2019-07-22 01:06:03,673: INFO: apple caught with overlap coords: ({(37, 4), (36, 4), (35, 4)})
2019-07-22 01:06:03,673: DEBUG: Apple has fallen at coords (35, 4)
2019-07-22 01:06:03,893: DEBUG: Apple Created at coords (124, 31)
2019-07-22 01:06:03,906: DEBUG: Apple Created at coords (144, 31)
2019-07-22 01:06:04,246: DEBUG: Apple Created at coords (107, 31)
2019-07-22 01:06:04,833: DEBUG: Apple has fallen at coords (124, 0)
2019-07-22 01:06:04,834: DEBUG: Apple has fallen at coords (144, 0)
2019-07-22 01:06:05,156: DEBUG: Apple has fallen at coords (107, 0)
2019-07-22 01:06:05,253: DEBUG: Apple Created at coords (116, 31)
2019-07-22 01:06:05,646: DEBUG: Apple Created at coords (120, 31)
2019-07-22 01:06:06,086: INFO: basket coords: {(108, 2), (118, 2), (121, 4), (109, 3), (117, 1), (112, 3), (122, 3), (119, 2), (113, 2), (124, 2), (110, 1), (115, 3), (125, 3), (111, 4), (120, 1), (116, 4), (108, 3), (118, 3), (123, 1), (109, 2), (112, 4), (127, 4), (111, 3), (114, 2), (116, 1), (113, 1), (124, 3), (118, 4), (117, 4), (115, 2), (123, 4), (122, 4), (120, 2), (125, 2), (119, 1), (121, 3), (110, 2), (113, 4), (109, 1), (114, 3), (111, 2), (122, 1), (116, 2), (123, 2), (117, 3), (112, 1), (120, 3), (108, 4), (110, 3), (121, 2), (118, 1), (115, 1), (123, 3), (119, 4), (124, 4), (108, 1), (116, 3), (126, 3), (110, 4), (109, 4), (115, 4), (114, 4), (112, 2), (120, 4), (117, 2), (119, 3), (122, 2), (113, 3), (111, 1), (121, 1), (124, 1), (126, 4), (125, 4), (114, 1)}
2019-07-22 01:06:06,086: INFO: apple_coords: {(116, 5), (118, 5), (118, 4), (117, 4), (117, 5), (116, 6), (118, 6), (117, 6), (116, 4)}
2019-07-22 01:06:06,086: INFO: apple caught with overlap coords: ({(118, 4), (117, 4), (116, 4)})
2019-07-22 01:06:06,087: DEBUG: Apple has fallen at coords (116, 4)
2019-07-22 01:06:06,470: INFO: basket coords: {(108, 2), (118, 2), (121, 4), (109, 3), (117, 1), (112, 3), (122, 3), (119, 2), (113, 2), (124, 2), (110, 1), (115, 3), (125, 3), (111, 4), (120, 1), (116, 4), (108, 3), (118, 3), (123, 1), (109, 2), (112, 4), (127, 4), (111, 3), (114, 2), (116, 1), (113, 1), (124, 3), (118, 4), (117, 4), (115, 2), (123, 4), (122, 4), (120, 2), (125, 2), (119, 1), (121, 3), (110, 2), (113, 4), (109, 1), (114, 3), (111, 2), (122, 1), (116, 2), (123, 2), (117, 3), (112, 1), (120, 3), (108, 4), (110, 3), (121, 2), (118, 1), (115, 1), (123, 3), (119, 4), (124, 4), (108, 1), (116, 3), (126, 3), (110, 4), (109, 4), (115, 4), (114, 4), (112, 2), (120, 4), (117, 2), (119, 3), (122, 2), (113, 3), (111, 1), (121, 1), (124, 1), (126, 4), (125, 4), (114, 1)}
2019-07-22 01:06:06,470: INFO: apple_coords: {(121, 4), (120, 6), (121, 5), (121, 6), (120, 5), (120, 4), (122, 5), (122, 4), (122, 6)}
2019-07-22 01:06:06,470: INFO: apple caught with overlap coords: ({(122, 4), (121, 4), (120, 4)})
2019-07-22 01:06:06,470: DEBUG: Apple has fallen at coords (120, 4)
2019-07-22 01:06:07,440: DEBUG: Apple Created at coords (46, 31)
2019-07-22 01:06:07,757: DEBUG: Apple Created at coords (9, 31)
2019-07-22 01:06:08,330: INFO: basket coords: {(50, 3), (58, 1), (52, 2), (62, 2), (65, 4), (53, 3), (48, 1), (61, 1), (56, 3), (66, 3), (63, 2), (57, 2), (54, 1), (51, 1), (59, 3), (55, 4), (64, 1), (60, 4), (52, 3), (55, 1), (62, 3), (51, 4), (50, 4), (48, 2), (56, 4), (53, 2), (55, 3), (58, 2), (49, 3), (60, 1), (57, 1), (62, 4), (61, 4), (59, 2), (67, 4), (66, 4), (64, 2), (50, 1), (63, 1), (65, 3), (54, 2), (57, 4), (53, 1), (48, 3), (58, 3), (55, 2), (49, 2), (60, 2), (51, 3), (61, 3), (56, 1), (64, 3), (52, 4), (54, 3), (65, 2), (62, 1), (59, 1), (48, 4), (63, 4), (50, 2), (52, 1), (49, 1), (60, 3), (54, 4), (53, 4), (51, 2), (59, 4), (58, 4), (56, 2), (64, 4), (61, 2), (63, 3), (57, 3), (49, 4)}
2019-07-22 01:06:08,330: INFO: apple_coords: {(47, 2), (48, 4), (46, 4), (47, 3), (48, 3), (48, 2), (47, 4), (46, 3), (46, 2)}
2019-07-22 01:06:08,330: INFO: apple caught with overlap coords: ({(48, 3), (48, 2), (48, 4)})
2019-07-22 01:06:08,330: DEBUG: Apple has fallen at coords (46, 2)
2019-07-22 01:06:08,602: INFO: basket coords: {(23, 4), (25, 2), (9, 1), (20, 3), (12, 1), (14, 4), (13, 4), (11, 2), (19, 4), (18, 4), (16, 2), (24, 4), (21, 2), (23, 3), (15, 1), (17, 3), (9, 4), (10, 3), (18, 1), (12, 2), (22, 2), (25, 4), (13, 3), (8, 1), (21, 1), (16, 3), (10, 2), (26, 3), (23, 2), (17, 2), (14, 1), (11, 1), (19, 3), (15, 4), (24, 1), (20, 4), (12, 3), (22, 3), (11, 4), (10, 4), (8, 2), (16, 4), (13, 2), (15, 3), (18, 2), (9, 3), (20, 1), (17, 1), (22, 4), (21, 4), (19, 2), (27, 4), (26, 4), (24, 2), (10, 1), (23, 1), (25, 3), (14, 2), (17, 4), (13, 1), (8, 3), (18, 3), (15, 2), (9, 2), (20, 2), (11, 3), (21, 3), (16, 1), (24, 3), (12, 4), (14, 3), (22, 1), (19, 1), (8, 4)}
2019-07-22 01:06:08,602: INFO: apple_coords: {(10, 5), (11, 4), (10, 4), (11, 5), (10, 6), (9, 4), (9, 5), (9, 6), (11, 6)}
2019-07-22 01:06:08,603: INFO: apple caught with overlap coords: ({(11, 4), (10, 4), (9, 4)})
2019-07-22 01:06:08,603: DEBUG: Apple has fallen at coords (9, 4)
2019-07-22 01:06:08,800: DEBUG: Apple Created at coords (161, 31)
2019-07-22 01:06:09,286: DEBUG: Apple Created at coords (88, 31)
2019-07-22 01:06:09,466: DEBUG: Apple Created at coords (127, 31)
2019-07-22 01:06:09,759: DEBUG: Apple has fallen at coords (161, 0)
2019-07-22 01:06:10,136: INFO: basket coords: {(86, 3), (97, 2), (94, 1), (91, 1), (99, 3), (95, 4), (100, 4), (84, 1), (92, 3), (86, 4), (85, 4), (83, 2), (91, 4), (90, 4), (88, 2), (96, 4), (93, 2), (95, 3), (98, 2), (89, 3), (87, 1), (97, 1), (102, 4), (101, 4), (99, 2), (90, 1), (84, 2), (94, 2), (97, 4), (85, 3), (93, 1), (88, 3), (98, 3), (95, 2), (89, 2), (100, 2), (86, 1), (83, 1), (91, 3), (101, 3), (87, 4), (96, 1), (92, 4), (84, 3), (94, 3), (99, 1), (83, 4), (85, 2), (88, 4), (90, 2), (87, 3), (92, 1), (89, 1), (100, 3), (94, 4), (93, 4), (91, 2), (99, 4), (98, 4), (96, 2), (95, 1), (97, 3), (86, 2), (89, 4), (85, 1), (90, 3), (87, 2), (98, 1), (92, 2), (83, 3), (93, 3), (88, 1), (96, 3), (84, 4)}
2019-07-22 01:06:10,137: INFO: apple_coords: {(89, 4), (88, 6), (89, 5), (89, 6), (88, 5), (88, 4), (90, 5), (90, 4), (90, 6)}
2019-07-22 01:06:10,137: INFO: apple caught with overlap coords: ({(90, 4), (89, 4), (88, 4)})
2019-07-22 01:06:10,138: DEBUG: Apple has fallen at coords (88, 4)
2019-07-22 01:06:10,412: DEBUG: Apple has fallen at coords (127, 0)
2019-07-22 01:06:11,129: DEBUG: Apple Created at coords (5, 31)
2019-07-22 01:06:11,144: DEBUG: Apple Created at coords (92, 31)
2019-07-22 01:06:12,038: INFO: basket coords: {(86, 3), (97, 2), (94, 1), (91, 1), (99, 3), (95, 4), (100, 4), (84, 1), (92, 3), (86, 4), (85, 4), (83, 2), (91, 4), (90, 4), (88, 2), (96, 4), (93, 2), (95, 3), (98, 2), (89, 3), (87, 1), (97, 1), (102, 4), (101, 4), (99, 2), (90, 1), (84, 2), (94, 2), (97, 4), (85, 3), (93, 1), (88, 3), (98, 3), (95, 2), (89, 2), (100, 2), (86, 1), (83, 1), (91, 3), (101, 3), (87, 4), (96, 1), (92, 4), (84, 3), (94, 3), (99, 1), (83, 4), (85, 2), (88, 4), (90, 2), (87, 3), (92, 1), (89, 1), (100, 3), (94, 4), (93, 4), (91, 2), (99, 4), (98, 4), (96, 2), (95, 1), (97, 3), (86, 2), (89, 4), (85, 1), (90, 3), (87, 2), (98, 1), (92, 2), (83, 3), (93, 3), (88, 1), (96, 3), (84, 4)}
2019-07-22 01:06:12,039: INFO: apple_coords: {(93, 6), (92, 5), (92, 4), (94, 4), (94, 5), (92, 6), (93, 4), (93, 5), (94, 6)}
2019-07-22 01:06:12,039: INFO: apple caught with overlap coords: ({(94, 4), (93, 4), (92, 4)})
2019-07-22 01:06:12,039: DEBUG: Apple has fallen at coords (92, 4)
2019-07-22 01:06:12,102: DEBUG: Apple has fallen at coords (5, 0)
2019-07-22 01:06:12,264: DEBUG: Apple Created at coords (145, 31)
2019-07-22 01:06:12,446: DEBUG: Apple Created at coords (86, 31)
2019-07-22 01:06:13,223: DEBUG: Apple has fallen at coords (145, 0)
2019-07-22 01:06:13,320: INFO: basket coords: {(97, 2), (94, 1), (91, 1), (99, 3), (95, 4), (104, 1), (100, 4), (92, 3), (102, 3), (91, 4), (90, 4), (88, 2), (96, 4), (93, 2), (95, 3), (98, 2), (89, 3), (100, 1), (97, 1), (102, 4), (101, 4), (99, 2), (107, 4), (106, 4), (104, 2), (90, 1), (103, 1), (105, 3), (94, 2), (97, 4), (93, 1), (88, 3), (98, 3), (95, 2), (89, 2), (100, 2), (91, 3), (101, 3), (96, 1), (104, 3), (92, 4), (94, 3), (105, 2), (102, 1), (99, 1), (88, 4), (103, 4), (90, 2), (92, 1), (89, 1), (100, 3), (94, 4), (93, 4), (91, 2), (99, 4), (98, 4), (96, 2), (104, 4), (101, 2), (103, 3), (95, 1), (97, 3), (89, 4), (90, 3), (98, 1), (92, 2), (102, 2), (105, 4), (93, 3), (88, 1), (101, 1), (96, 3), (106, 3), (103, 2)}
2019-07-22 01:06:13,321: INFO: apple_coords: {(87, 4), (87, 5), (88, 6), (88, 5), (86, 5), (88, 4), (86, 4), (86, 6), (87, 6)}
2019-07-22 01:06:13,321: INFO: apple caught with overlap coords: ({(88, 4)})
2019-07-22 01:06:13,321: DEBUG: Apple has fallen at coords (86, 4)
2019-07-22 01:06:13,390: DEBUG: Apple Created at coords (66, 31)
2019-07-22 01:06:13,798: DEBUG: Apple Created at coords (169, 31)
2019-07-22 01:06:13,872: DEBUG: Apple Created at coords (75, 31)
2019-07-22 01:06:14,255: INFO: basket coords: {(86, 3), (70, 4), (69, 4), (75, 4), (74, 4), (72, 2), (80, 4), (77, 2), (79, 3), (82, 2), (73, 3), (71, 1), (81, 1), (84, 1), (86, 4), (85, 4), (83, 2), (74, 1), (68, 2), (78, 2), (81, 4), (69, 3), (77, 1), (72, 3), (82, 3), (79, 2), (73, 2), (84, 2), (70, 1), (75, 3), (85, 3), (71, 4), (80, 1), (76, 4), (68, 3), (78, 3), (83, 1), (69, 2), (72, 4), (87, 4), (71, 3), (74, 2), (76, 1), (73, 1), (84, 3), (78, 4), (77, 4), (75, 2), (83, 4), (82, 4), (80, 2), (85, 2), (79, 1), (81, 3), (70, 2), (73, 4), (69, 1), (74, 3), (71, 2), (82, 1), (76, 2), (77, 3), (72, 1), (80, 3), (68, 4), (70, 3), (81, 2), (78, 1), (75, 1), (83, 3), (79, 4), (84, 4), (68, 1), (76, 3)}
2019-07-22 01:06:14,256: INFO: apple_coords: {(66, 6), (68, 6), (68, 5), (68, 4), (67, 6), (66, 5), (67, 4), (66, 4), (67, 5)}
2019-07-22 01:06:14,256: INFO: apple caught with overlap coords: ({(68, 4)})
2019-07-22 01:06:14,256: DEBUG: Apple has fallen at coords (66, 4)
2019-07-22 01:06:14,761: INFO: basket coords: {(70, 4), (69, 4), (67, 2), (75, 4), (74, 4), (72, 2), (80, 4), (77, 2), (79, 3), (71, 1), (73, 3), (65, 4), (66, 3), (63, 2), (74, 1), (68, 2), (66, 2), (78, 2), (81, 4), (69, 3), (64, 1), (77, 1), (72, 3), (79, 2), (73, 2), (70, 1), (67, 1), (75, 3), (71, 4), (76, 4), (68, 3), (78, 3), (67, 4), (66, 4), (64, 2), (72, 4), (69, 2), (71, 3), (74, 2), (65, 3), (63, 1), (73, 1), (76, 1), (78, 4), (77, 4), (75, 2), (82, 4), (80, 2), (66, 1), (79, 1), (81, 3), (70, 2), (73, 4), (69, 1), (64, 3), (74, 3), (71, 2), (65, 2), (76, 2), (67, 3), (77, 3), (63, 4), (72, 1), (80, 3), (68, 4), (70, 3), (78, 1), (75, 1), (64, 4), (79, 4), (63, 3), (68, 1), (65, 1), (76, 3)}
2019-07-22 01:06:14,762: INFO: apple_coords: {(75, 4), (75, 5), (77, 4), (76, 6), (77, 5), (77, 6), (76, 5), (76, 4), (75, 6)}
2019-07-22 01:06:14,763: INFO: apple caught with overlap coords: ({(77, 4), (76, 4), (75, 4)})
2019-07-22 01:06:14,763: DEBUG: Apple has fallen at coords (75, 4)
2019-07-22 01:06:14,801: DEBUG: Apple has fallen at coords (169, 0)
2019-07-22 01:06:14,948: DEBUG: Apple Created at coords (59, 31)
2019-07-22 01:06:14,967: DEBUG: Apple Created at coords (67, 31)
2019-07-22 01:06:15,124: DEBUG: Apple Created at coords (123, 31)
2019-07-22 01:06:15,371: DEBUG: Apple Created at coords (48, 31)
2019-07-22 01:06:15,905: INFO: basket coords: {(70, 4), (69, 4), (67, 2), (75, 4), (74, 4), (72, 2), (58, 1), (71, 1), (73, 3), (62, 2), (65, 4), (61, 1), (66, 3), (63, 2), (74, 1), (68, 2), (66, 2), (59, 3), (69, 3), (64, 1), (72, 3), (60, 4), (62, 3), (73, 2), (70, 1), (67, 1), (75, 3), (58, 2), (71, 4), (76, 4), (60, 1), (68, 3), (62, 4), (61, 4), (59, 2), (67, 4), (66, 4), (64, 2), (72, 4), (69, 2), (71, 3), (74, 2), (65, 3), (63, 1), (73, 1), (77, 4), (75, 2), (58, 3), (66, 1), (60, 2), (70, 2), (73, 4), (61, 3), (69, 1), (64, 3), (74, 3), (71, 2), (65, 2), (62, 1), (59, 1), (67, 3), (63, 4), (72, 1), (68, 4), (60, 3), (70, 3), (59, 4), (58, 4), (61, 2), (64, 4), (63, 3), (68, 1), (65, 1), (76, 3)}
2019-07-22 01:06:15,905: INFO: apple_coords: {(61, 6), (60, 5), (60, 4), (59, 6), (61, 4), (59, 4), (59, 5), (61, 5), (60, 6)}
2019-07-22 01:06:15,905: INFO: apple caught with overlap coords: ({(61, 4), (60, 4), (59, 4)})
2019-07-22 01:06:15,906: DEBUG: Apple has fallen at coords (59, 4)
2019-07-22 01:06:15,906: INFO: basket coords: {(70, 4), (69, 4), (67, 2), (75, 4), (74, 4), (72, 2), (58, 1), (71, 1), (73, 3), (62, 2), (65, 4), (61, 1), (66, 3), (63, 2), (74, 1), (68, 2), (66, 2), (59, 3), (69, 3), (64, 1), (72, 3), (60, 4), (62, 3), (73, 2), (70, 1), (67, 1), (75, 3), (58, 2), (71, 4), (76, 4), (60, 1), (68, 3), (62, 4), (61, 4), (59, 2), (67, 4), (66, 4), (64, 2), (72, 4), (69, 2), (71, 3), (74, 2), (65, 3), (63, 1), (73, 1), (77, 4), (75, 2), (58, 3), (66, 1), (60, 2), (70, 2), (73, 4), (61, 3), (69, 1), (64, 3), (74, 3), (71, 2), (65, 2), (62, 1), (59, 1), (67, 3), (63, 4), (72, 1), (68, 4), (60, 3), (70, 3), (59, 4), (58, 4), (61, 2), (64, 4), (63, 3), (68, 1), (65, 1), (76, 3)}
2019-07-22 01:06:15,906: INFO: apple_coords: {(69, 4), (68, 6), (69, 5), (69, 6), (68, 5), (68, 4), (67, 6), (67, 4), (67, 5)}
2019-07-22 01:06:15,906: INFO: apple caught with overlap coords: ({(69, 4), (68, 4), (67, 4)})
2019-07-22 01:06:15,907: DEBUG: Apple has fallen at coords (67, 4)
2019-07-22 01:06:15,939: DEBUG: Apple Created at coords (157, 31)
2019-07-22 01:06:16,171: DEBUG: Apple has fallen at coords (123, 0)
2019-07-22 01:06:16,405: DEBUG: Apple has fallen at coords (48, 0)
2019-07-22 01:06:16,566: DEBUG: Apple Created at coords (151, 31)
2019-07-22 01:06:16,921: DEBUG: Apple has fallen at coords (157, 0)
2019-07-22 01:06:17,522: DEBUG: Apple has fallen at coords (151, 0)
2019-07-22 01:06:18,357: DEBUG: Apple Created at coords (22, 31)
2019-07-22 01:06:19,278: INFO: basket coords: {(23, 4), (32, 1), (40, 3), (28, 4), (30, 3), (38, 1), (35, 1), (24, 4), (39, 4), (23, 3), (26, 2), (28, 1), (25, 1), (36, 3), (30, 4), (29, 4), (27, 2), (35, 4), (34, 4), (32, 2), (40, 4), (37, 2), (39, 3), (31, 1), (33, 3), (25, 4), (26, 3), (23, 2), (34, 1), (28, 2), (38, 2), (41, 4), (29, 3), (24, 1), (37, 1), (32, 3), (39, 2), (33, 2), (30, 1), (27, 1), (35, 3), (31, 4), (36, 4), (28, 3), (38, 3), (27, 4), (26, 4), (24, 2), (32, 4), (29, 2), (31, 3), (34, 2), (25, 3), (23, 1), (33, 1), (36, 1), (38, 4), (37, 4), (35, 2), (42, 4), (40, 2), (26, 1), (39, 1), (41, 3), (30, 2), (33, 4), (29, 1), (24, 3), (34, 3), (31, 2), (25, 2), (36, 2), (27, 3), (37, 3)}
2019-07-22 01:06:19,279: INFO: apple_coords: {(22, 3), (22, 2), (23, 2), (23, 3), (24, 3), (24, 2), (23, 1), (24, 1), (22, 1)}
2019-07-22 01:06:19,279: INFO: apple caught with overlap coords: ({(23, 2), (23, 3), (24, 3), (24, 2), (23, 1), (24, 1)})
2019-07-22 01:06:19,279: DEBUG: Apple has fallen at coords (22, 1)
2019-07-22 01:06:19,279: DEBUG: Apple has fallen at coords (22, 0)
2019-07-22 01:06:19,305: DEBUG: Apple Created at coords (132, 31)
2019-07-22 01:06:20,092: DEBUG: Apple Created at coords (12, 31)
2019-07-22 01:06:20,279: DEBUG: Apple has fallen at coords (132, 0)
2019-07-22 01:06:20,994: DEBUG: Apple Created at coords (41, 31)
2019-07-22 01:06:21,062: DEBUG: Apple has fallen at coords (12, 0)
2019-07-22 01:06:21,558: DEBUG: Apple Created at coords (45, 31)
2019-07-22 01:06:21,878: INFO: basket coords: {(32, 1), (40, 3), (28, 4), (30, 3), (41, 2), (38, 1), (35, 1), (43, 3), (39, 4), (44, 4), (28, 1), (36, 3), (46, 3), (30, 4), (29, 4), (35, 4), (34, 4), (32, 2), (40, 4), (37, 2), (39, 3), (42, 2), (33, 3), (31, 1), (41, 1), (44, 1), (46, 4), (45, 4), (43, 2), (34, 1), (28, 2), (38, 2), (41, 4), (29, 3), (37, 1), (32, 3), (42, 3), (39, 2), (33, 2), (44, 2), (30, 1), (35, 3), (45, 3), (31, 4), (40, 1), (36, 4), (28, 3), (38, 3), (43, 1), (29, 2), (32, 4), (47, 4), (31, 3), (34, 2), (36, 1), (33, 1), (44, 3), (38, 4), (37, 4), (35, 2), (43, 4), (42, 4), (40, 2), (45, 2), (39, 1), (41, 3), (30, 2), (33, 4), (29, 1), (34, 3), (31, 2), (42, 1), (36, 2), (37, 3)}
2019-07-22 01:06:21,879: INFO: apple_coords: {(42, 5), (43, 4), (42, 4), (43, 5), (42, 6), (41, 4), (41, 5), (41, 6), (43, 6)}
2019-07-22 01:06:21,879: INFO: apple caught with overlap coords: ({(43, 4), (42, 4), (41, 4)})
2019-07-22 01:06:21,879: DEBUG: Apple has fallen at coords (41, 4)
2019-07-22 01:06:22,188: DEBUG: Apple Created at coords (13, 31)
2019-07-22 01:06:22,358: DEBUG: Apple Created at coords (163, 31)
2019-07-22 01:06:22,460: INFO: basket coords: {(45, 1), (50, 3), (47, 2), (58, 1), (52, 2), (43, 3), (53, 3), (48, 1), (56, 3), (44, 4), (46, 3), (57, 2), (54, 1), (51, 1), (59, 3), (55, 4), (60, 4), (44, 1), (52, 3), (46, 4), (45, 4), (43, 2), (51, 4), (50, 4), (48, 2), (56, 4), (53, 2), (55, 3), (58, 2), (49, 3), (47, 1), (57, 1), (62, 4), (61, 4), (59, 2), (50, 1), (44, 2), (54, 2), (57, 4), (45, 3), (53, 1), (48, 3), (58, 3), (55, 2), (49, 2), (60, 2), (46, 1), (43, 1), (51, 3), (61, 3), (47, 4), (56, 1), (52, 4), (44, 3), (54, 3), (46, 2), (43, 4), (45, 2), (59, 1), (48, 4), (50, 2), (47, 3), (52, 1), (49, 1), (60, 3), (54, 4), (53, 4), (51, 2), (59, 4), (58, 4), (56, 2), (55, 1), (57, 3), (49, 4)}
2019-07-22 01:06:22,460: INFO: apple_coords: {(46, 5), (46, 4), (45, 4), (45, 5), (46, 6), (45, 6), (47, 6), (47, 4), (47, 5)}
2019-07-22 01:06:22,461: INFO: apple caught with overlap coords: ({(47, 4), (46, 4), (45, 4)})
2019-07-22 01:06:22,461: DEBUG: Apple has fallen at coords (45, 4)
2019-07-22 01:06:22,782: DEBUG: Apple Created at coords (36, 31)
2019-07-22 01:06:23,091: INFO: basket coords: {(23, 4), (25, 2), (9, 1), (20, 3), (12, 1), (14, 4), (13, 4), (11, 2), (19, 4), (18, 4), (16, 2), (24, 4), (21, 2), (23, 3), (15, 1), (17, 3), (9, 4), (10, 3), (18, 1), (12, 2), (22, 2), (25, 4), (13, 3), (8, 1), (21, 1), (16, 3), (10, 2), (26, 3), (23, 2), (17, 2), (14, 1), (11, 1), (19, 3), (15, 4), (24, 1), (20, 4), (12, 3), (22, 3), (11, 4), (10, 4), (8, 2), (16, 4), (13, 2), (15, 3), (18, 2), (9, 3), (20, 1), (17, 1), (22, 4), (21, 4), (19, 2), (27, 4), (26, 4), (24, 2), (10, 1), (23, 1), (25, 3), (14, 2), (17, 4), (13, 1), (8, 3), (18, 3), (15, 2), (9, 2), (20, 2), (11, 3), (21, 3), (16, 1), (24, 3), (12, 4), (14, 3), (22, 1), (19, 1), (8, 4)}
2019-07-22 01:06:23,092: INFO: apple_coords: {(14, 5), (14, 4), (13, 4), (13, 5), (14, 6), (13, 6), (15, 6), (15, 4), (15, 5)}
2019-07-22 01:06:23,092: INFO: apple caught with overlap coords: ({(15, 4), (14, 4), (13, 4)})
2019-07-22 01:06:23,098: DEBUG: Apple has fallen at coords (13, 4)
2019-07-22 01:06:23,375: DEBUG: Apple has fallen at coords (163, 0)
2019-07-22 01:06:23,698: INFO: basket coords: {(23, 4), (32, 1), (40, 3), (28, 4), (30, 3), (38, 1), (35, 1), (24, 4), (39, 4), (23, 3), (26, 2), (28, 1), (25, 1), (36, 3), (30, 4), (29, 4), (27, 2), (35, 4), (34, 4), (32, 2), (40, 4), (37, 2), (39, 3), (31, 1), (33, 3), (25, 4), (26, 3), (23, 2), (34, 1), (28, 2), (38, 2), (41, 4), (29, 3), (24, 1), (37, 1), (32, 3), (39, 2), (33, 2), (30, 1), (27, 1), (35, 3), (31, 4), (36, 4), (28, 3), (38, 3), (27, 4), (26, 4), (24, 2), (32, 4), (29, 2), (31, 3), (34, 2), (25, 3), (23, 1), (33, 1), (36, 1), (38, 4), (37, 4), (35, 2), (42, 4), (40, 2), (26, 1), (39, 1), (41, 3), (30, 2), (33, 4), (29, 1), (24, 3), (34, 3), (31, 2), (25, 2), (36, 2), (27, 3), (37, 3)}
2019-07-22 01:06:23,699: INFO: apple_coords: {(38, 4), (37, 4), (37, 5), (36, 6), (38, 6), (37, 6), (36, 5), (36, 4), (38, 5)}
2019-07-22 01:06:23,699: INFO: apple caught with overlap coords: ({(38, 4), (37, 4), (36, 4)})
2019-07-22 01:06:23,699: DEBUG: Apple has fallen at coords (36, 4)
2019-07-22 01:06:23,740: DEBUG: Apple Created at coords (150, 31)
2019-07-22 01:06:24,263: DEBUG: Apple Created at coords (3, 31)
2019-07-22 01:06:24,729: DEBUG: Apple has fallen at coords (150, 0)
2019-07-22 01:06:25,236: DEBUG: Apple has fallen at coords (3, 0)
2019-07-22 01:06:25,829: DEBUG: Apple Created at coords (124, 31)
2019-07-22 01:06:26,593: DEBUG: Apple Created at coords (67, 31)
2019-07-22 01:06:26,837: DEBUG: Apple has fallen at coords (124, 0)
2019-07-22 01:06:27,042: DEBUG: Apple Created at coords (30, 31)
2019-07-22 01:06:27,581: INFO: basket coords: {(50, 3), (58, 1), (52, 2), (62, 2), (65, 4), (53, 3), (48, 1), (61, 1), (56, 3), (66, 3), (63, 2), (57, 2), (54, 1), (51, 1), (59, 3), (55, 4), (64, 1), (60, 4), (52, 3), (55, 1), (62, 3), (51, 4), (50, 4), (48, 2), (56, 4), (53, 2), (55, 3), (58, 2), (49, 3), (60, 1), (57, 1), (62, 4), (61, 4), (59, 2), (67, 4), (66, 4), (64, 2), (50, 1), (63, 1), (65, 3), (54, 2), (57, 4), (53, 1), (48, 3), (58, 3), (55, 2), (49, 2), (60, 2), (51, 3), (61, 3), (56, 1), (64, 3), (52, 4), (54, 3), (65, 2), (62, 1), (59, 1), (48, 4), (63, 4), (50, 2), (52, 1), (49, 1), (60, 3), (54, 4), (53, 4), (51, 2), (59, 4), (58, 4), (56, 2), (64, 4), (61, 2), (63, 3), (57, 3), (49, 4)}
2019-07-22 01:06:27,581: INFO: apple_coords: {(69, 4), (68, 6), (69, 5), (69, 6), (68, 5), (68, 4), (67, 6), (67, 4), (67, 5)}
2019-07-22 01:06:27,582: INFO: apple caught with overlap coords: ({(67, 4)})
2019-07-22 01:06:27,582: DEBUG: Apple has fallen at coords (67, 4)
2019-07-22 01:06:27,749: DEBUG: Apple Created at coords (35, 31)
2019-07-22 01:06:27,817: DEBUG: Apple Created at coords (102, 31)
2019-07-22 01:06:28,136: DEBUG: Apple has fallen at coords (30, 0)
2019-07-22 01:06:28,334: DEBUG: Apple Created at coords (2, 31)
2019-07-22 01:06:28,722: INFO: basket coords: {(23, 4), (32, 1), (40, 3), (28, 4), (30, 3), (38, 1), (35, 1), (24, 4), (39, 4), (23, 3), (26, 2), (28, 1), (25, 1), (36, 3), (30, 4), (29, 4), (27, 2), (35, 4), (34, 4), (32, 2), (40, 4), (37, 2), (39, 3), (31, 1), (33, 3), (25, 4), (26, 3), (23, 2), (34, 1), (28, 2), (38, 2), (41, 4), (29, 3), (24, 1), (37, 1), (32, 3), (39, 2), (33, 2), (30, 1), (27, 1), (35, 3), (31, 4), (36, 4), (28, 3), (38, 3), (27, 4), (26, 4), (24, 2), (32, 4), (29, 2), (31, 3), (34, 2), (25, 3), (23, 1), (33, 1), (36, 1), (38, 4), (37, 4), (35, 2), (42, 4), (40, 2), (26, 1), (39, 1), (41, 3), (30, 2), (33, 4), (29, 1), (24, 3), (34, 3), (31, 2), (25, 2), (36, 2), (27, 3), (37, 3)}
2019-07-22 01:06:28,722: INFO: apple_coords: {(37, 4), (36, 6), (37, 5), (37, 6), (36, 5), (36, 4), (35, 6), (35, 4), (35, 5)}
2019-07-22 01:06:28,722: INFO: apple caught with overlap coords: ({(37, 4), (36, 4), (35, 4)})
2019-07-22 01:06:28,723: DEBUG: Apple has fallen at coords (35, 4)
2019-07-22 01:06:28,919: DEBUG: Apple has fallen at coords (102, 0)
2019-07-22 01:06:28,964: DEBUG: Apple Created at coords (164, 31)
2019-07-22 01:06:29,466: DEBUG: Apple has fallen at coords (2, 0)
2019-07-22 01:06:30,026: DEBUG: Apple has fallen at coords (164, 0)
2019-07-22 01:06:31,176: DEBUG: Apple Created at coords (135, 31)
2019-07-22 01:06:31,277: DEBUG: Apple Created at coords (89, 31)
2019-07-22 01:06:31,612: DEBUG: Apple Created at coords (79, 31)
2019-07-22 01:06:31,876: DEBUG: Apple Created at coords (149, 31)
2019-07-22 01:06:31,940: DEBUG: Apple Created at coords (100, 31)
2019-07-22 01:06:32,168: DEBUG: Apple has fallen at coords (135, 0)
2019-07-22 01:06:32,168: INFO: basket coords: {(86, 3), (97, 2), (94, 1), (91, 1), (99, 3), (95, 4), (100, 4), (84, 1), (92, 3), (86, 4), (85, 4), (83, 2), (91, 4), (90, 4), (88, 2), (96, 4), (93, 2), (95, 3), (98, 2), (89, 3), (87, 1), (97, 1), (102, 4), (101, 4), (99, 2), (90, 1), (84, 2), (94, 2), (97, 4), (85, 3), (93, 1), (88, 3), (98, 3), (95, 2), (89, 2), (100, 2), (86, 1), (83, 1), (91, 3), (101, 3), (87, 4), (96, 1), (92, 4), (84, 3), (94, 3), (99, 1), (83, 4), (85, 2), (88, 4), (90, 2), (87, 3), (92, 1), (89, 1), (100, 3), (94, 4), (93, 4), (91, 2), (99, 4), (98, 4), (96, 2), (95, 1), (97, 3), (86, 2), (89, 4), (85, 1), (90, 3), (87, 2), (98, 1), (92, 2), (83, 3), (93, 3), (88, 1), (96, 3), (84, 4)}
2019-07-22 01:06:32,168: INFO: apple_coords: {(89, 4), (89, 5), (89, 6), (91, 6), (90, 5), (91, 4), (90, 4), (91, 5), (90, 6)}
2019-07-22 01:06:32,169: INFO: apple caught with overlap coords: ({(91, 4), (90, 4), (89, 4)})
2019-07-22 01:06:32,169: DEBUG: Apple has fallen at coords (89, 4)
2019-07-22 01:06:32,196: DEBUG: Apple Created at coords (45, 31)
2019-07-22 01:06:32,213: DEBUG: Apple Created at coords (113, 31)
2019-07-22 01:06:32,500: INFO: basket coords: {(86, 3), (94, 1), (91, 1), (80, 4), (95, 4), (79, 3), (82, 2), (84, 1), (81, 1), (92, 3), (86, 4), (85, 4), (83, 2), (91, 4), (90, 4), (88, 2), (96, 4), (93, 2), (95, 3), (87, 1), (89, 3), (78, 2), (81, 4), (82, 3), (79, 2), (90, 1), (84, 2), (94, 2), (97, 4), (85, 3), (80, 1), (93, 1), (88, 3), (95, 2), (78, 3), (89, 2), (86, 1), (83, 1), (91, 3), (87, 4), (92, 4), (84, 3), (94, 3), (78, 4), (83, 4), (82, 4), (80, 2), (88, 4), (85, 2), (87, 3), (90, 2), (81, 3), (79, 1), (88, 1), (89, 1), (92, 1), (94, 4), (93, 4), (91, 2), (82, 1), (86, 2), (89, 4), (85, 1), (80, 3), (90, 3), (87, 2), (81, 2), (92, 2), (78, 1), (83, 3), (93, 3), (79, 4), (96, 3), (84, 4)}
2019-07-22 01:06:32,500: INFO: apple_coords: {(80, 6), (81, 5), (81, 6), (80, 5), (80, 4), (79, 6), (79, 4), (79, 5), (81, 4)}
2019-07-22 01:06:32,500: INFO: apple caught with overlap coords: ({(79, 4), (81, 4), (80, 4)})
2019-07-22 01:06:32,500: DEBUG: Apple has fallen at coords (79, 4)
2019-07-22 01:06:32,834: INFO: basket coords: {(86, 3), (97, 2), (94, 1), (91, 1), (99, 3), (95, 4), (100, 4), (84, 1), (92, 3), (86, 4), (85, 4), (83, 2), (91, 4), (90, 4), (88, 2), (96, 4), (93, 2), (95, 3), (98, 2), (89, 3), (87, 1), (97, 1), (102, 4), (101, 4), (99, 2), (90, 1), (84, 2), (94, 2), (97, 4), (85, 3), (93, 1), (88, 3), (98, 3), (95, 2), (89, 2), (100, 2), (86, 1), (83, 1), (91, 3), (101, 3), (87, 4), (96, 1), (92, 4), (84, 3), (94, 3), (99, 1), (83, 4), (85, 2), (88, 4), (90, 2), (87, 3), (92, 1), (89, 1), (100, 3), (94, 4), (93, 4), (91, 2), (99, 4), (98, 4), (96, 2), (95, 1), (97, 3), (86, 2), (89, 4), (85, 1), (90, 3), (87, 2), (98, 1), (92, 2), (83, 3), (93, 3), (88, 1), (96, 3), (84, 4)}
2019-07-22 01:06:32,835: INFO: apple_coords: {(102, 4), (101, 4), (101, 5), (100, 6), (102, 6), (101, 6), (100, 5), (100, 4), (102, 5)}
2019-07-22 01:06:32,835: INFO: apple caught with overlap coords: ({(102, 4), (101, 4), (100, 4)})
2019-07-22 01:06:32,835: DEBUG: Apple has fallen at coords (100, 4)
2019-07-22 01:06:32,866: DEBUG: Apple has fallen at coords (149, 0)
2019-07-22 01:06:33,190: DEBUG: Apple has fallen at coords (45, 0)
2019-07-22 01:06:33,218: DEBUG: Apple has fallen at coords (113, 0)
2019-07-22 01:06:34,261: DEBUG: Apple Created at coords (119, 31)
2019-07-22 01:06:34,468: DEBUG: Apple Created at coords (65, 31)
2019-07-22 01:06:35,242: DEBUG: Apple Created at coords (74, 31)
2019-07-22 01:06:35,374: DEBUG: Apple has fallen at coords (119, 0)
2019-07-22 01:06:35,474: INFO: basket coords: {(70, 4), (69, 4), (67, 2), (75, 4), (74, 4), (72, 2), (58, 1), (71, 1), (73, 3), (62, 2), (65, 4), (61, 1), (66, 3), (63, 2), (74, 1), (68, 2), (66, 2), (59, 3), (69, 3), (64, 1), (72, 3), (60, 4), (62, 3), (73, 2), (70, 1), (67, 1), (75, 3), (58, 2), (71, 4), (76, 4), (60, 1), (68, 3), (62, 4), (61, 4), (59, 2), (67, 4), (66, 4), (64, 2), (72, 4), (69, 2), (71, 3), (74, 2), (65, 3), (63, 1), (73, 1), (77, 4), (75, 2), (58, 3), (66, 1), (60, 2), (70, 2), (73, 4), (61, 3), (69, 1), (64, 3), (74, 3), (71, 2), (65, 2), (62, 1), (59, 1), (67, 3), (63, 4), (72, 1), (68, 4), (60, 3), (70, 3), (59, 4), (58, 4), (61, 2), (64, 4), (63, 3), (68, 1), (65, 1), (76, 3)}
2019-07-22 01:06:35,474: INFO: apple_coords: {(66, 6), (65, 4), (65, 5), (65, 6), (67, 6), (66, 5), (67, 4), (66, 4), (67, 5)}
2019-07-22 01:06:35,474: INFO: apple caught with overlap coords: ({(67, 4), (66, 4), (65, 4)})
2019-07-22 01:06:35,474: DEBUG: Apple has fallen at coords (65, 4)
2019-07-22 01:06:36,082: DEBUG: Apple Created at coords (156, 31)
2019-07-22 01:06:36,201: INFO: basket coords: {(86, 3), (70, 4), (69, 4), (75, 4), (74, 4), (72, 2), (80, 4), (77, 2), (79, 3), (82, 2), (73, 3), (71, 1), (81, 1), (84, 1), (86, 4), (85, 4), (83, 2), (74, 1), (68, 2), (78, 2), (81, 4), (69, 3), (77, 1), (72, 3), (82, 3), (79, 2), (73, 2), (84, 2), (70, 1), (75, 3), (85, 3), (71, 4), (80, 1), (76, 4), (68, 3), (78, 3), (83, 1), (69, 2), (72, 4), (87, 4), (71, 3), (74, 2), (76, 1), (73, 1), (84, 3), (78, 4), (77, 4), (75, 2), (83, 4), (82, 4), (80, 2), (85, 2), (79, 1), (81, 3), (70, 2), (73, 4), (69, 1), (74, 3), (71, 2), (82, 1), (76, 2), (77, 3), (72, 1), (80, 3), (68, 4), (70, 3), (81, 2), (78, 1), (75, 1), (83, 3), (79, 4), (84, 4), (68, 1), (76, 3)}
2019-07-22 01:06:36,201: INFO: apple_coords: {(74, 5), (75, 4), (74, 4), (75, 5), (74, 6), (76, 6), (76, 5), (76, 4), (75, 6)}
2019-07-22 01:06:36,202: INFO: apple caught with overlap coords: ({(76, 4), (75, 4), (74, 4)})
2019-07-22 01:06:36,202: DEBUG: Apple has fallen at coords (74, 4)
2019-07-22 01:06:37,082: DEBUG: Apple has fallen at coords (156, 0)
2019-07-22 01:06:37,631: DEBUG: Apple Created at coords (68, 31)
2019-07-22 01:06:38,604: INFO: basket coords: {(70, 4), (69, 4), (67, 2), (75, 4), (74, 4), (72, 2), (58, 1), (71, 1), (73, 3), (62, 2), (65, 4), (61, 1), (66, 3), (63, 2), (74, 1), (68, 2), (66, 2), (59, 3), (69, 3), (64, 1), (72, 3), (60, 4), (62, 3), (73, 2), (70, 1), (67, 1), (75, 3), (58, 2), (71, 4), (76, 4), (60, 1), (68, 3), (62, 4), (61, 4), (59, 2), (67, 4), (66, 4), (64, 2), (72, 4), (69, 2), (71, 3), (74, 2), (65, 3), (63, 1), (73, 1), (77, 4), (75, 2), (58, 3), (66, 1), (60, 2), (70, 2), (73, 4), (61, 3), (69, 1), (64, 3), (74, 3), (71, 2), (65, 2), (62, 1), (59, 1), (67, 3), (63, 4), (72, 1), (68, 4), (60, 3), (70, 3), (59, 4), (58, 4), (61, 2), (64, 4), (63, 3), (68, 1), (65, 1), (76, 3)}
2019-07-22 01:06:38,604: INFO: apple_coords: {(70, 4), (69, 4), (69, 5), (68, 6), (70, 6), (69, 6), (68, 5), (68, 4), (70, 5)}
2019-07-22 01:06:38,604: INFO: apple caught with overlap coords: ({(70, 4), (69, 4), (68, 4)})
2019-07-22 01:06:38,604: DEBUG: Apple has fallen at coords (68, 4)
2019-07-22 01:06:43,466: DEBUG: Apple Created at coords (60, 31)
2019-07-22 01:06:44,313: DEBUG: Apple Created at coords (163, 31)
2019-07-22 01:06:44,404: INFO: basket coords: {(70, 4), (69, 4), (67, 2), (75, 4), (74, 4), (72, 2), (58, 1), (71, 1), (73, 3), (62, 2), (65, 4), (61, 1), (66, 3), (63, 2), (74, 1), (68, 2), (66, 2), (59, 3), (69, 3), (64, 1), (72, 3), (60, 4), (62, 3), (73, 2), (70, 1), (67, 1), (75, 3), (58, 2), (71, 4), (76, 4), (60, 1), (68, 3), (62, 4), (61, 4), (59, 2), (67, 4), (66, 4), (64, 2), (72, 4), (69, 2), (71, 3), (74, 2), (65, 3), (63, 1), (73, 1), (77, 4), (75, 2), (58, 3), (66, 1), (60, 2), (70, 2), (73, 4), (61, 3), (69, 1), (64, 3), (74, 3), (71, 2), (65, 2), (62, 1), (59, 1), (67, 3), (63, 4), (72, 1), (68, 4), (60, 3), (70, 3), (59, 4), (58, 4), (61, 2), (64, 4), (63, 3), (68, 1), (65, 1), (76, 3)}
2019-07-22 01:06:44,405: INFO: apple_coords: {(61, 6), (60, 5), (60, 4), (60, 6), (62, 5), (62, 4), (61, 4), (61, 5), (62, 6)}
2019-07-22 01:06:44,405: INFO: apple caught with overlap coords: ({(62, 4), (61, 4), (60, 4)})
2019-07-22 01:06:44,405: DEBUG: Apple has fallen at coords (60, 4)
2019-07-22 01:06:45,352: DEBUG: Apple has fallen at coords (163, 0)
2019-07-22 01:06:45,668: DEBUG: Apple Created at coords (132, 31)
2019-07-22 01:06:45,908: DEBUG: Apple Created at coords (149, 31)
2019-07-22 01:06:46,605: DEBUG: Apple Created at coords (88, 31)
2019-07-22 01:06:46,686: DEBUG: Apple Created at coords (41, 31)
2019-07-22 01:06:46,759: DEBUG: Apple has fallen at coords (132, 0)
2019-07-22 01:06:46,958: DEBUG: Apple has fallen at coords (149, 0)
2019-07-22 01:06:47,528: INFO: basket coords: {(86, 3), (97, 2), (94, 1), (91, 1), (99, 3), (95, 4), (100, 4), (84, 1), (92, 3), (86, 4), (85, 4), (83, 2), (91, 4), (90, 4), (88, 2), (96, 4), (93, 2), (95, 3), (98, 2), (89, 3), (87, 1), (97, 1), (102, 4), (101, 4), (99, 2), (90, 1), (84, 2), (94, 2), (97, 4), (85, 3), (93, 1), (88, 3), (98, 3), (95, 2), (89, 2), (100, 2), (86, 1), (83, 1), (91, 3), (101, 3), (87, 4), (96, 1), (92, 4), (84, 3), (94, 3), (99, 1), (83, 4), (85, 2), (88, 4), (90, 2), (87, 3), (92, 1), (89, 1), (100, 3), (94, 4), (93, 4), (91, 2), (99, 4), (98, 4), (96, 2), (95, 1), (97, 3), (86, 2), (89, 4), (85, 1), (90, 3), (87, 2), (98, 1), (92, 2), (83, 3), (93, 3), (88, 1), (96, 3), (84, 4)}
2019-07-22 01:06:47,529: INFO: apple_coords: {(89, 4), (88, 6), (89, 5), (89, 6), (88, 5), (88, 4), (90, 5), (90, 4), (90, 6)}
2019-07-22 01:06:47,529: INFO: apple caught with overlap coords: ({(90, 4), (89, 4), (88, 4)})
2019-07-22 01:06:47,530: DEBUG: Apple has fallen at coords (88, 4)
2019-07-22 01:06:47,695: DEBUG: Apple has fallen at coords (41, 0)
2019-07-22 01:06:50,708: DEBUG: Apple Created at coords (63, 31)
2019-07-22 01:06:51,686: DEBUG: Apple Created at coords (50, 31)
2019-07-22 01:06:51,742: DEBUG: Apple has fallen at coords (63, 0)
2019-07-22 01:06:51,972: DEBUG: Apple Created at coords (149, 31)
2019-07-22 01:06:52,728: DEBUG: Apple has fallen at coords (50, 0)
2019-07-22 01:06:52,851: DEBUG: Apple Created at coords (115, 31)
2019-07-22 01:06:53,009: DEBUG: Apple has fallen at coords (149, 0)
2019-07-22 01:06:53,077: DEBUG: Apple Created at coords (26, 31)
2019-07-22 01:06:53,224: DEBUG: Apple Created at coords (13, 31)
2019-07-22 01:06:53,893: DEBUG: Apple has fallen at coords (115, 0)
2019-07-22 01:06:53,906: DEBUG: Apple Created at coords (139, 31)
2019-07-22 01:06:54,094: DEBUG: Apple has fallen at coords (26, 0)
2019-07-22 01:06:54,263: DEBUG: Apple has fallen at coords (13, 0)
2019-07-22 01:06:54,375: DEBUG: Apple Created at coords (151, 31)
2019-07-22 01:06:54,943: DEBUG: Apple has fallen at coords (139, 0)
2019-07-22 01:06:55,413: DEBUG: Apple has fallen at coords (151, 0)
