The system is: Linux - 4.15.0-1028-gcp - x86_64
Compiling the C compiler identification source file "CMakeCCompilerId.c" succeeded.
Compiler: /opt/rh/devtoolset-2/root/usr/bin/cc 
Build flags: -Wl,-strip-all
Id flags:  

The output was:
0


Compilation of the C compiler identification source "CMakeCCompilerId.c" produced "a.out"

The C compiler identification is GNU, found in "/tmp/pip-req-build-rnx_wot2/build/lib.linux-x86_64-3.7/atari_py/ale_interface/build/CMakeFiles/3.13.3/CompilerIdC/a.out"

Compiling the CXX compiler identification source file "CMakeCXXCompilerId.cpp" succeeded.
Compiler: /opt/rh/devtoolset-2/root/usr/bin/c++ 
Build flags: -Wl,-strip-all
Id flags:  

The output was:
0


Compilation of the CXX compiler identification source "CMakeCXXCompilerId.cpp" produced "a.out"

The CXX compiler identification is GNU, found in "/tmp/pip-req-build-rnx_wot2/build/lib.linux-x86_64-3.7/atari_py/ale_interface/build/CMakeFiles/3.13.3/CompilerIdCXX/a.out"

Determining if the C compiler works passed with the following output:
Change Dir: /tmp/pip-req-build-rnx_wot2/build/lib.linux-x86_64-3.7/atari_py/ale_interface/build/CMakeFiles/CMakeTmp

Run Build Command:"/usr/bin/gmake" "cmTC_a1d6a/fast"
/usr/bin/gmake -f CMakeFiles/cmTC_a1d6a.dir/build.make CMakeFiles/cmTC_a1d6a.dir/build
gmake[1]: Entering directory `/tmp/pip-req-build-rnx_wot2/build/lib.linux-x86_64-3.7/atari_py/ale_interface/build/CMakeFiles/CMakeTmp'
Building C object CMakeFiles/cmTC_a1d6a.dir/testCCompiler.c.o
/opt/rh/devtoolset-2/root/usr/bin/cc   -Wl,-strip-all    -o CMakeFiles/cmTC_a1d6a.dir/testCCompiler.c.o   -c /tmp/pip-req-build-rnx_wot2/build/lib.linux-x86_64-3.7/atari_py/ale_interface/build/CMakeFiles/CMakeTmp/testCCompiler.c
Linking C executable cmTC_a1d6a
/opt/_internal/cpython-3.7.3/lib/python3.7/site-packages/cmake/data/bin/cmake -E cmake_link_script CMakeFiles/cmTC_a1d6a.dir/link.txt --verbose=1
/opt/rh/devtoolset-2/root/usr/bin/cc -Wl,-strip-all     -rdynamic CMakeFiles/cmTC_a1d6a.dir/testCCompiler.c.o  -o cmTC_a1d6a 
gmake[1]: Leaving directory `/tmp/pip-req-build-rnx_wot2/build/lib.linux-x86_64-3.7/atari_py/ale_interface/build/CMakeFiles/CMakeTmp'


Detecting C compiler ABI info compiled with the following output:
Change Dir: /tmp/pip-req-build-rnx_wot2/build/lib.linux-x86_64-3.7/atari_py/ale_interface/build/CMakeFiles/CMakeTmp

Run Build Command:"/usr/bin/gmake" "cmTC_5c385/fast"
/usr/bin/gmake -f CMakeFiles/cmTC_5c385.dir/build.make CMakeFiles/cmTC_5c385.dir/build
gmake[1]: Entering directory `/tmp/pip-req-build-rnx_wot2/build/lib.linux-x86_64-3.7/atari_py/ale_interface/build/CMakeFiles/CMakeTmp'
Building C object CMakeFiles/cmTC_5c385.dir/CMakeCCompilerABI.c.o
/opt/rh/devtoolset-2/root/usr/bin/cc   -Wl,-strip-all    -o CMakeFiles/cmTC_5c385.dir/CMakeCCompilerABI.c.o   -c /opt/_internal/cpython-3.7.3/lib/python3.7/site-packages/cmake/data/share/cmake-3.13/Modules/CMakeCCompilerABI.c
Linking C executable cmTC_5c385
/opt/_internal/cpython-3.7.3/lib/python3.7/site-packages/cmake/data/bin/cmake -E cmake_link_script CMakeFiles/cmTC_5c385.dir/link.txt --verbose=1
/opt/rh/devtoolset-2/root/usr/bin/cc -Wl,-strip-all    -v -rdynamic CMakeFiles/cmTC_5c385.dir/CMakeCCompilerABI.c.o  -o cmTC_5c385 
Using built-in specs.
COLLECT_GCC=/opt/rh/devtoolset-2/root/usr/bin/cc
COLLECT_LTO_WRAPPER=/opt/rh/devtoolset-2/root/usr/libexec/gcc/x86_64-CentOS-linux/4.8.2/lto-wrapper
Target: x86_64-CentOS-linux
Configured with: ../configure --prefix=/opt/rh/devtoolset-2/root/usr --mandir=/opt/rh/devtoolset-2/root/usr/share/man --infodir=/opt/rh/devtoolset-2/root/usr/share/info --with-bugurl=http://bugzilla.redhat.com/bugzilla --enable-bootstrap --enable-shared --enable-threads=posix --enable-checking=release --with-system-zlib --enable-__cxa_atexit --disable-libunwind-exceptions --disable-gnu-unique-object --enable-linker-build-id --enable-languages=c,c++,fortran,lto --enable-plugin --with-linker-hash-style=gnu --enable-initfini-array --disable-libgcj --with-isl=/home/centos/rpm/BUILD/gcc-4.8.2-20140120/obj-x86_64-CentOS-linux/isl-install --with-cloog=/home/centos/rpm/BUILD/gcc-4.8.2-20140120/obj-x86_64-CentOS-linux/cloog-install --with-gmp=/home/centos/rpm/BUILD/gcc-4.8.2-20140120/obj-x86_64-CentOS-linux/gmp-install --with-mpfr=/home/centos/rpm/BUILD/gcc-4.8.2-20140120/obj-x86_64-CentOS-linux/mpfr-install --with-mpc=/home/centos/rpm/BUILD/gcc-4.8.2-20140120/obj-x86_64-CentOS-linux/mpc-install --with-tune=generic --with-arch_32=i586 --build=x86_64-CentOS-linux
Thread model: posix
gcc version 4.8.2 20140120 (Red Hat 4.8.2-15) (GCC) 
COMPILER_PATH=/opt/rh/devtoolset-2/root/usr/libexec/gcc/x86_64-CentOS-linux/4.8.2/:/opt/rh/devtoolset-2/root/usr/libexec/gcc/x86_64-CentOS-linux/4.8.2/:/opt/rh/devtoolset-2/root/usr/libexec/gcc/x86_64-CentOS-linux/:/opt/rh/devtoolset-2/root/usr/lib/gcc/x86_64-CentOS-linux/4.8.2/:/opt/rh/devtoolset-2/root/usr/lib/gcc/x86_64-CentOS-linux/
LIBRARY_PATH=/usr/local/lib/../lib64/:/opt/rh/devtoolset-2/root/usr/lib/gcc/x86_64-CentOS-linux/4.8.2/:/opt/rh/devtoolset-2/root/usr/lib/gcc/x86_64-CentOS-linux/4.8.2/../../../../lib64/:/lib/../lib64/:/usr/lib/../lib64/:/usr/local/lib/:./:/opt/rh/devtoolset-2/root/usr/lib/gcc/x86_64-CentOS-linux/4.8.2/../../../:/lib/:/usr/lib/
COLLECT_GCC_OPTIONS='-v' '-rdynamic' '-o' 'cmTC_5c385' '-mtune=generic' '-march=x86-64'
 /opt/rh/devtoolset-2/root/usr/libexec/gcc/x86_64-CentOS-linux/4.8.2/collect2 --build-id --no-add-needed --eh-frame-hdr --hash-style=gnu -m elf_x86_64 -export-dynamic -dynamic-linker /lib64/ld-linux-x86-64.so.2 -o cmTC_5c385 /usr/lib/../lib64/crt1.o /usr/lib/../lib64/crti.o /opt/rh/devtoolset-2/root/usr/lib/gcc/x86_64-CentOS-linux/4.8.2/crtbegin.o -L/usr/local/lib/../lib64 -L/opt/rh/devtoolset-2/root/usr/lib/gcc/x86_64-CentOS-linux/4.8.2 -L/opt/rh/devtoolset-2/root/usr/lib/gcc/x86_64-CentOS-linux/4.8.2/../../../../lib64 -L/lib/../lib64 -L/usr/lib/../lib64 -L/usr/local/lib -L. -L/opt/rh/devtoolset-2/root/usr/lib/gcc/x86_64-CentOS-linux/4.8.2/../../.. -strip-all CMakeFiles/cmTC_5c385.dir/CMakeCCompilerABI.c.o -lgcc --as-needed -lgcc_s --no-as-needed -lc -lgcc --as-needed -lgcc_s --no-as-needed /opt/rh/devtoolset-2/root/usr/lib/gcc/x86_64-CentOS-linux/4.8.2/crtend.o /usr/lib/../lib64/crtn.o
gmake[1]: Leaving directory `/tmp/pip-req-build-rnx_wot2/build/lib.linux-x86_64-3.7/atari_py/ale_interface/build/CMakeFiles/CMakeTmp'


Parsed C implicit link information from above output:
  link line regex: [^( *|.*[/\])(ld|CMAKE_LINK_STARTFILE-NOTFOUND|([^/\]+-)?ld|collect2)[^/\]*( |$)]
  ignore line: [Change Dir: /tmp/pip-req-build-rnx_wot2/build/lib.linux-x86_64-3.7/atari_py/ale_interface/build/CMakeFiles/CMakeTmp]
  ignore line: []
  ignore line: [Run Build Command:"/usr/bin/gmake" "cmTC_5c385/fast"]
  ignore line: [/usr/bin/gmake -f CMakeFiles/cmTC_5c385.dir/build.make CMakeFiles/cmTC_5c385.dir/build]
  ignore line: [gmake[1]: Entering directory `/tmp/pip-req-build-rnx_wot2/build/lib.linux-x86_64-3.7/atari_py/ale_interface/build/CMakeFiles/CMakeTmp']
  ignore line: [Building C object CMakeFiles/cmTC_5c385.dir/CMakeCCompilerABI.c.o]
  ignore line: [/opt/rh/devtoolset-2/root/usr/bin/cc   -Wl,-strip-all    -o CMakeFiles/cmTC_5c385.dir/CMakeCCompilerABI.c.o   -c /opt/_internal/cpython-3.7.3/lib/python3.7/site-packages/cmake/data/share/cmake-3.13/Modules/CMakeCCompilerABI.c]
  ignore line: [Linking C executable cmTC_5c385]
  ignore line: [/opt/_internal/cpython-3.7.3/lib/python3.7/site-packages/cmake/data/bin/cmake -E cmake_link_script CMakeFiles/cmTC_5c385.dir/link.txt --verbose=1]
  ignore line: [/opt/rh/devtoolset-2/root/usr/bin/cc -Wl,-strip-all    -v -rdynamic CMakeFiles/cmTC_5c385.dir/CMakeCCompilerABI.c.o  -o cmTC_5c385 ]
  ignore line: [Using built-in specs.]
  ignore line: [COLLECT_GCC=/opt/rh/devtoolset-2/root/usr/bin/cc]
  ignore line: [COLLECT_LTO_WRAPPER=/opt/rh/devtoolset-2/root/usr/libexec/gcc/x86_64-CentOS-linux/4.8.2/lto-wrapper]
  ignore line: [Target: x86_64-CentOS-linux]
  ignore line: [Configured with: ../configure --prefix=/opt/rh/devtoolset-2/root/usr --mandir=/opt/rh/devtoolset-2/root/usr/share/man --infodir=/opt/rh/devtoolset-2/root/usr/share/info --with-bugurl=http://bugzilla.redhat.com/bugzilla --enable-bootstrap --enable-shared --enable-threads=posix --enable-checking=release --with-system-zlib --enable-__cxa_atexit --disable-libunwind-exceptions --disable-gnu-unique-object --enable-linker-build-id --enable-languages=c,c++,fortran,lto --enable-plugin --with-linker-hash-style=gnu --enable-initfini-array --disable-libgcj --with-isl=/home/centos/rpm/BUILD/gcc-4.8.2-20140120/obj-x86_64-CentOS-linux/isl-install --with-cloog=/home/centos/rpm/BUILD/gcc-4.8.2-20140120/obj-x86_64-CentOS-linux/cloog-install --with-gmp=/home/centos/rpm/BUILD/gcc-4.8.2-20140120/obj-x86_64-CentOS-linux/gmp-install --with-mpfr=/home/centos/rpm/BUILD/gcc-4.8.2-20140120/obj-x86_64-CentOS-linux/mpfr-install --with-mpc=/home/centos/rpm/BUILD/gcc-4.8.2-20140120/obj-x86_64-CentOS-linux/mpc-install --with-tune=generic --with-arch_32=i586 --build=x86_64-CentOS-linux]
  ignore line: [Thread model: posix]
  ignore line: [gcc version 4.8.2 20140120 (Red Hat 4.8.2-15) (GCC) ]
  ignore line: [COMPILER_PATH=/opt/rh/devtoolset-2/root/usr/libexec/gcc/x86_64-CentOS-linux/4.8.2/:/opt/rh/devtoolset-2/root/usr/libexec/gcc/x86_64-CentOS-linux/4.8.2/:/opt/rh/devtoolset-2/root/usr/libexec/gcc/x86_64-CentOS-linux/:/opt/rh/devtoolset-2/root/usr/lib/gcc/x86_64-CentOS-linux/4.8.2/:/opt/rh/devtoolset-2/root/usr/lib/gcc/x86_64-CentOS-linux/]
  ignore line: [LIBRARY_PATH=/usr/local/lib/../lib64/:/opt/rh/devtoolset-2/root/usr/lib/gcc/x86_64-CentOS-linux/4.8.2/:/opt/rh/devtoolset-2/root/usr/lib/gcc/x86_64-CentOS-linux/4.8.2/../../../../lib64/:/lib/../lib64/:/usr/lib/../lib64/:/usr/local/lib/:./:/opt/rh/devtoolset-2/root/usr/lib/gcc/x86_64-CentOS-linux/4.8.2/../../../:/lib/:/usr/lib/]
  ignore line: [COLLECT_GCC_OPTIONS='-v' '-rdynamic' '-o' 'cmTC_5c385' '-mtune=generic' '-march=x86-64']
  link line: [ /opt/rh/devtoolset-2/root/usr/libexec/gcc/x86_64-CentOS-linux/4.8.2/collect2 --build-id --no-add-needed --eh-frame-hdr --hash-style=gnu -m elf_x86_64 -export-dynamic -dynamic-linker /lib64/ld-linux-x86-64.so.2 -o cmTC_5c385 /usr/lib/../lib64/crt1.o /usr/lib/../lib64/crti.o /opt/rh/devtoolset-2/root/usr/lib/gcc/x86_64-CentOS-linux/4.8.2/crtbegin.o -L/usr/local/lib/../lib64 -L/opt/rh/devtoolset-2/root/usr/lib/gcc/x86_64-CentOS-linux/4.8.2 -L/opt/rh/devtoolset-2/root/usr/lib/gcc/x86_64-CentOS-linux/4.8.2/../../../../lib64 -L/lib/../lib64 -L/usr/lib/../lib64 -L/usr/local/lib -L. -L/opt/rh/devtoolset-2/root/usr/lib/gcc/x86_64-CentOS-linux/4.8.2/../../.. -strip-all CMakeFiles/cmTC_5c385.dir/CMakeCCompilerABI.c.o -lgcc --as-needed -lgcc_s --no-as-needed -lc -lgcc --as-needed -lgcc_s --no-as-needed /opt/rh/devtoolset-2/root/usr/lib/gcc/x86_64-CentOS-linux/4.8.2/crtend.o /usr/lib/../lib64/crtn.o]
    arg [/opt/rh/devtoolset-2/root/usr/libexec/gcc/x86_64-CentOS-linux/4.8.2/collect2] ==> ignore
    arg [--build-id] ==> ignore
    arg [--no-add-needed] ==> ignore
    arg [--eh-frame-hdr] ==> ignore
    arg [--hash-style=gnu] ==> ignore
    arg [-m] ==> ignore
    arg [elf_x86_64] ==> ignore
    arg [-export-dynamic] ==> ignore
    arg [-dynamic-linker] ==> ignore
    arg [/lib64/ld-linux-x86-64.so.2] ==> ignore
    arg [-o] ==> ignore
    arg [cmTC_5c385] ==> ignore
    arg [/usr/lib/../lib64/crt1.o] ==> ignore
    arg [/usr/lib/../lib64/crti.o] ==> ignore
    arg [/opt/rh/devtoolset-2/root/usr/lib/gcc/x86_64-CentOS-linux/4.8.2/crtbegin.o] ==> ignore
    arg [-L/usr/local/lib/../lib64] ==> dir [/usr/local/lib/../lib64]
    arg [-L/opt/rh/devtoolset-2/root/usr/lib/gcc/x86_64-CentOS-linux/4.8.2] ==> dir [/opt/rh/devtoolset-2/root/usr/lib/gcc/x86_64-CentOS-linux/4.8.2]
    arg [-L/opt/rh/devtoolset-2/root/usr/lib/gcc/x86_64-CentOS-linux/4.8.2/../../../../lib64] ==> dir [/opt/rh/devtoolset-2/root/usr/lib/gcc/x86_64-CentOS-linux/4.8.2/../../../../lib64]
    arg [-L/lib/../lib64] ==> dir [/lib/../lib64]
    arg [-L/usr/lib/../lib64] ==> dir [/usr/lib/../lib64]
    arg [-L/usr/local/lib] ==> dir [/usr/local/lib]
    arg [-L.] ==> ignore
    arg [-L/opt/rh/devtoolset-2/root/usr/lib/gcc/x86_64-CentOS-linux/4.8.2/../../..] ==> dir [/opt/rh/devtoolset-2/root/usr/lib/gcc/x86_64-CentOS-linux/4.8.2/../../..]
    arg [-strip-all] ==> ignore
    arg [CMakeFiles/cmTC_5c385.dir/CMakeCCompilerABI.c.o] ==> ignore
    arg [-lgcc] ==> lib [gcc]
    arg [--as-needed] ==> ignore
    arg [-lgcc_s] ==> lib [gcc_s]
    arg [--no-as-needed] ==> ignore
    arg [-lc] ==> lib [c]
    arg [-lgcc] ==> lib [gcc]
    arg [--as-needed] ==> ignore
    arg [-lgcc_s] ==> lib [gcc_s]
    arg [--no-as-needed] ==> ignore
    arg [/opt/rh/devtoolset-2/root/usr/lib/gcc/x86_64-CentOS-linux/4.8.2/crtend.o] ==> ignore
    arg [/usr/lib/../lib64/crtn.o] ==> ignore
  collapse library dir [/usr/local/lib/../lib64] ==> [/usr/local/lib64]
  collapse library dir [/opt/rh/devtoolset-2/root/usr/lib/gcc/x86_64-CentOS-linux/4.8.2] ==> [/opt/rh/devtoolset-2/root/usr/lib/gcc/x86_64-CentOS-linux/4.8.2]
  collapse library dir [/opt/rh/devtoolset-2/root/usr/lib/gcc/x86_64-CentOS-linux/4.8.2/../../../../lib64] ==> [/opt/rh/devtoolset-2/root/usr/lib64]
  collapse library dir [/lib/../lib64] ==> [/lib64]
  collapse library dir [/usr/lib/../lib64] ==> [/usr/lib64]
  collapse library dir [/usr/local/lib] ==> [/usr/local/lib]
  collapse library dir [/opt/rh/devtoolset-2/root/usr/lib/gcc/x86_64-CentOS-linux/4.8.2/../../..] ==> [/opt/rh/devtoolset-2/root/usr/lib]
  implicit libs: [gcc;gcc_s;c;gcc;gcc_s]
  implicit dirs: [/usr/local/lib64;/opt/rh/devtoolset-2/root/usr/lib/gcc/x86_64-CentOS-linux/4.8.2;/opt/rh/devtoolset-2/root/usr/lib64;/lib64;/usr/lib64;/usr/local/lib;/opt/rh/devtoolset-2/root/usr/lib]
  implicit fwks: []




Detecting C [-std=c11] compiler features compiled with the following output:
Change Dir: /tmp/pip-req-build-rnx_wot2/build/lib.linux-x86_64-3.7/atari_py/ale_interface/build/CMakeFiles/CMakeTmp

Run Build Command:"/usr/bin/gmake" "cmTC_da985/fast"
/usr/bin/gmake -f CMakeFiles/cmTC_da985.dir/build.make CMakeFiles/cmTC_da985.dir/build
gmake[1]: Entering directory `/tmp/pip-req-build-rnx_wot2/build/lib.linux-x86_64-3.7/atari_py/ale_interface/build/CMakeFiles/CMakeTmp'
Building C object CMakeFiles/cmTC_da985.dir/feature_tests.c.o
/opt/rh/devtoolset-2/root/usr/bin/cc   -Wl,-strip-all    -std=c11 -o CMakeFiles/cmTC_da985.dir/feature_tests.c.o   -c /tmp/pip-req-build-rnx_wot2/build/lib.linux-x86_64-3.7/atari_py/ale_interface/build/CMakeFiles/feature_tests.c
Linking C executable cmTC_da985
/opt/_internal/cpython-3.7.3/lib/python3.7/site-packages/cmake/data/bin/cmake -E cmake_link_script CMakeFiles/cmTC_da985.dir/link.txt --verbose=1
/opt/rh/devtoolset-2/root/usr/bin/cc -Wl,-strip-all     -rdynamic CMakeFiles/cmTC_da985.dir/feature_tests.c.o  -o cmTC_da985 
gmake[1]: Leaving directory `/tmp/pip-req-build-rnx_wot2/build/lib.linux-x86_64-3.7/atari_py/ale_interface/build/CMakeFiles/CMakeTmp'


    Feature record: C_FEATURE:1c_function_prototypes
    Feature record: C_FEATURE:1c_restrict
    Feature record: C_FEATURE:1c_static_assert
    Feature record: C_FEATURE:1c_variadic_macros


Detecting C [-std=c99] compiler features compiled with the following output:
Change Dir: /tmp/pip-req-build-rnx_wot2/build/lib.linux-x86_64-3.7/atari_py/ale_interface/build/CMakeFiles/CMakeTmp

Run Build Command:"/usr/bin/gmake" "cmTC_a1694/fast"
/usr/bin/gmake -f CMakeFiles/cmTC_a1694.dir/build.make CMakeFiles/cmTC_a1694.dir/build
gmake[1]: Entering directory `/tmp/pip-req-build-rnx_wot2/build/lib.linux-x86_64-3.7/atari_py/ale_interface/build/CMakeFiles/CMakeTmp'
Building C object CMakeFiles/cmTC_a1694.dir/feature_tests.c.o
/opt/rh/devtoolset-2/root/usr/bin/cc   -Wl,-strip-all    -std=c99 -o CMakeFiles/cmTC_a1694.dir/feature_tests.c.o   -c /tmp/pip-req-build-rnx_wot2/build/lib.linux-x86_64-3.7/atari_py/ale_interface/build/CMakeFiles/feature_tests.c
Linking C executable cmTC_a1694
/opt/_internal/cpython-3.7.3/lib/python3.7/site-packages/cmake/data/bin/cmake -E cmake_link_script CMakeFiles/cmTC_a1694.dir/link.txt --verbose=1
/opt/rh/devtoolset-2/root/usr/bin/cc -Wl,-strip-all     -rdynamic CMakeFiles/cmTC_a1694.dir/feature_tests.c.o  -o cmTC_a1694 
gmake[1]: Leaving directory `/tmp/pip-req-build-rnx_wot2/build/lib.linux-x86_64-3.7/atari_py/ale_interface/build/CMakeFiles/CMakeTmp'


    Feature record: C_FEATURE:1c_function_prototypes
    Feature record: C_FEATURE:1c_restrict
    Feature record: C_FEATURE:0c_static_assert
    Feature record: C_FEATURE:1c_variadic_macros


Detecting C [-std=c90] compiler features compiled with the following output:
Change Dir: /tmp/pip-req-build-rnx_wot2/build/lib.linux-x86_64-3.7/atari_py/ale_interface/build/CMakeFiles/CMakeTmp

Run Build Command:"/usr/bin/gmake" "cmTC_fbe29/fast"
/usr/bin/gmake -f CMakeFiles/cmTC_fbe29.dir/build.make CMakeFiles/cmTC_fbe29.dir/build
gmake[1]: Entering directory `/tmp/pip-req-build-rnx_wot2/build/lib.linux-x86_64-3.7/atari_py/ale_interface/build/CMakeFiles/CMakeTmp'
Building C object CMakeFiles/cmTC_fbe29.dir/feature_tests.c.o
/opt/rh/devtoolset-2/root/usr/bin/cc   -Wl,-strip-all    -std=c90 -o CMakeFiles/cmTC_fbe29.dir/feature_tests.c.o   -c /tmp/pip-req-build-rnx_wot2/build/lib.linux-x86_64-3.7/atari_py/ale_interface/build/CMakeFiles/feature_tests.c
Linking C executable cmTC_fbe29
/opt/_internal/cpython-3.7.3/lib/python3.7/site-packages/cmake/data/bin/cmake -E cmake_link_script CMakeFiles/cmTC_fbe29.dir/link.txt --verbose=1
/opt/rh/devtoolset-2/root/usr/bin/cc -Wl,-strip-all     -rdynamic CMakeFiles/cmTC_fbe29.dir/feature_tests.c.o  -o cmTC_fbe29 
gmake[1]: Leaving directory `/tmp/pip-req-build-rnx_wot2/build/lib.linux-x86_64-3.7/atari_py/ale_interface/build/CMakeFiles/CMakeTmp'


    Feature record: C_FEATURE:1c_function_prototypes
    Feature record: C_FEATURE:0c_restrict
    Feature record: C_FEATURE:0c_static_assert
    Feature record: C_FEATURE:0c_variadic_macros
Determining if the CXX compiler works passed with the following output:
Change Dir: /tmp/pip-req-build-rnx_wot2/build/lib.linux-x86_64-3.7/atari_py/ale_interface/build/CMakeFiles/CMakeTmp

Run Build Command:"/usr/bin/gmake" "cmTC_54efb/fast"
/usr/bin/gmake -f CMakeFiles/cmTC_54efb.dir/build.make CMakeFiles/cmTC_54efb.dir/build
gmake[1]: Entering directory `/tmp/pip-req-build-rnx_wot2/build/lib.linux-x86_64-3.7/atari_py/ale_interface/build/CMakeFiles/CMakeTmp'
Building CXX object CMakeFiles/cmTC_54efb.dir/testCXXCompiler.cxx.o
/opt/rh/devtoolset-2/root/usr/bin/c++    -Wl,-strip-all    -o CMakeFiles/cmTC_54efb.dir/testCXXCompiler.cxx.o -c /tmp/pip-req-build-rnx_wot2/build/lib.linux-x86_64-3.7/atari_py/ale_interface/build/CMakeFiles/CMakeTmp/testCXXCompiler.cxx
Linking CXX executable cmTC_54efb
/opt/_internal/cpython-3.7.3/lib/python3.7/site-packages/cmake/data/bin/cmake -E cmake_link_script CMakeFiles/cmTC_54efb.dir/link.txt --verbose=1
/opt/rh/devtoolset-2/root/usr/bin/c++  -Wl,-strip-all     -rdynamic CMakeFiles/cmTC_54efb.dir/testCXXCompiler.cxx.o  -o cmTC_54efb 
gmake[1]: Leaving directory `/tmp/pip-req-build-rnx_wot2/build/lib.linux-x86_64-3.7/atari_py/ale_interface/build/CMakeFiles/CMakeTmp'


Detecting CXX compiler ABI info compiled with the following output:
Change Dir: /tmp/pip-req-build-rnx_wot2/build/lib.linux-x86_64-3.7/atari_py/ale_interface/build/CMakeFiles/CMakeTmp

Run Build Command:"/usr/bin/gmake" "cmTC_b66e7/fast"
/usr/bin/gmake -f CMakeFiles/cmTC_b66e7.dir/build.make CMakeFiles/cmTC_b66e7.dir/build
gmake[1]: Entering directory `/tmp/pip-req-build-rnx_wot2/build/lib.linux-x86_64-3.7/atari_py/ale_interface/build/CMakeFiles/CMakeTmp'
Building CXX object CMakeFiles/cmTC_b66e7.dir/CMakeCXXCompilerABI.cpp.o
/opt/rh/devtoolset-2/root/usr/bin/c++    -Wl,-strip-all    -o CMakeFiles/cmTC_b66e7.dir/CMakeCXXCompilerABI.cpp.o -c /opt/_internal/cpython-3.7.3/lib/python3.7/site-packages/cmake/data/share/cmake-3.13/Modules/CMakeCXXCompilerABI.cpp
Linking CXX executable cmTC_b66e7
/opt/_internal/cpython-3.7.3/lib/python3.7/site-packages/cmake/data/bin/cmake -E cmake_link_script CMakeFiles/cmTC_b66e7.dir/link.txt --verbose=1
/opt/rh/devtoolset-2/root/usr/bin/c++  -Wl,-strip-all    -v -rdynamic CMakeFiles/cmTC_b66e7.dir/CMakeCXXCompilerABI.cpp.o  -o cmTC_b66e7 
Using built-in specs.
COLLECT_GCC=/opt/rh/devtoolset-2/root/usr/bin/c++
COLLECT_LTO_WRAPPER=/opt/rh/devtoolset-2/root/usr/libexec/gcc/x86_64-CentOS-linux/4.8.2/lto-wrapper
Target: x86_64-CentOS-linux
Configured with: ../configure --prefix=/opt/rh/devtoolset-2/root/usr --mandir=/opt/rh/devtoolset-2/root/usr/share/man --infodir=/opt/rh/devtoolset-2/root/usr/share/info --with-bugurl=http://bugzilla.redhat.com/bugzilla --enable-bootstrap --enable-shared --enable-threads=posix --enable-checking=release --with-system-zlib --enable-__cxa_atexit --disable-libunwind-exceptions --disable-gnu-unique-object --enable-linker-build-id --enable-languages=c,c++,fortran,lto --enable-plugin --with-linker-hash-style=gnu --enable-initfini-array --disable-libgcj --with-isl=/home/centos/rpm/BUILD/gcc-4.8.2-20140120/obj-x86_64-CentOS-linux/isl-install --with-cloog=/home/centos/rpm/BUILD/gcc-4.8.2-20140120/obj-x86_64-CentOS-linux/cloog-install --with-gmp=/home/centos/rpm/BUILD/gcc-4.8.2-20140120/obj-x86_64-CentOS-linux/gmp-install --with-mpfr=/home/centos/rpm/BUILD/gcc-4.8.2-20140120/obj-x86_64-CentOS-linux/mpfr-install --with-mpc=/home/centos/rpm/BUILD/gcc-4.8.2-20140120/obj-x86_64-CentOS-linux/mpc-install --with-tune=generic --with-arch_32=i586 --build=x86_64-CentOS-linux
Thread model: posix
gcc version 4.8.2 20140120 (Red Hat 4.8.2-15) (GCC) 
COMPILER_PATH=/opt/rh/devtoolset-2/root/usr/libexec/gcc/x86_64-CentOS-linux/4.8.2/:/opt/rh/devtoolset-2/root/usr/libexec/gcc/x86_64-CentOS-linux/4.8.2/:/opt/rh/devtoolset-2/root/usr/libexec/gcc/x86_64-CentOS-linux/:/opt/rh/devtoolset-2/root/usr/lib/gcc/x86_64-CentOS-linux/4.8.2/:/opt/rh/devtoolset-2/root/usr/lib/gcc/x86_64-CentOS-linux/
LIBRARY_PATH=/usr/local/lib/../lib64/:/opt/rh/devtoolset-2/root/usr/lib/gcc/x86_64-CentOS-linux/4.8.2/:/opt/rh/devtoolset-2/root/usr/lib/gcc/x86_64-CentOS-linux/4.8.2/../../../../lib64/:/lib/../lib64/:/usr/lib/../lib64/:/usr/local/lib/:./:/opt/rh/devtoolset-2/root/usr/lib/gcc/x86_64-CentOS-linux/4.8.2/../../../:/lib/:/usr/lib/
COLLECT_GCC_OPTIONS='-v' '-rdynamic' '-o' 'cmTC_b66e7' '-shared-libgcc' '-mtune=generic' '-march=x86-64'
 /opt/rh/devtoolset-2/root/usr/libexec/gcc/x86_64-CentOS-linux/4.8.2/collect2 --build-id --no-add-needed --eh-frame-hdr --hash-style=gnu -m elf_x86_64 -export-dynamic -dynamic-linker /lib64/ld-linux-x86-64.so.2 -o cmTC_b66e7 /usr/lib/../lib64/crt1.o /usr/lib/../lib64/crti.o /opt/rh/devtoolset-2/root/usr/lib/gcc/x86_64-CentOS-linux/4.8.2/crtbegin.o -L/usr/local/lib/../lib64 -L/opt/rh/devtoolset-2/root/usr/lib/gcc/x86_64-CentOS-linux/4.8.2 -L/opt/rh/devtoolset-2/root/usr/lib/gcc/x86_64-CentOS-linux/4.8.2/../../../../lib64 -L/lib/../lib64 -L/usr/lib/../lib64 -L/usr/local/lib -L. -L/opt/rh/devtoolset-2/root/usr/lib/gcc/x86_64-CentOS-linux/4.8.2/../../.. -strip-all CMakeFiles/cmTC_b66e7.dir/CMakeCXXCompilerABI.cpp.o -lstdc++ -lm -lgcc_s -lgcc -lc -lgcc_s -lgcc /opt/rh/devtoolset-2/root/usr/lib/gcc/x86_64-CentOS-linux/4.8.2/crtend.o /usr/lib/../lib64/crtn.o
gmake[1]: Leaving directory `/tmp/pip-req-build-rnx_wot2/build/lib.linux-x86_64-3.7/atari_py/ale_interface/build/CMakeFiles/CMakeTmp'


Parsed CXX implicit link information from above output:
  link line regex: [^( *|.*[/\])(ld|CMAKE_LINK_STARTFILE-NOTFOUND|([^/\]+-)?ld|collect2)[^/\]*( |$)]
  ignore line: [Change Dir: /tmp/pip-req-build-rnx_wot2/build/lib.linux-x86_64-3.7/atari_py/ale_interface/build/CMakeFiles/CMakeTmp]
  ignore line: []
  ignore line: [Run Build Command:"/usr/bin/gmake" "cmTC_b66e7/fast"]
  ignore line: [/usr/bin/gmake -f CMakeFiles/cmTC_b66e7.dir/build.make CMakeFiles/cmTC_b66e7.dir/build]
  ignore line: [gmake[1]: Entering directory `/tmp/pip-req-build-rnx_wot2/build/lib.linux-x86_64-3.7/atari_py/ale_interface/build/CMakeFiles/CMakeTmp']
  ignore line: [Building CXX object CMakeFiles/cmTC_b66e7.dir/CMakeCXXCompilerABI.cpp.o]
  ignore line: [/opt/rh/devtoolset-2/root/usr/bin/c++    -Wl,-strip-all    -o CMakeFiles/cmTC_b66e7.dir/CMakeCXXCompilerABI.cpp.o -c /opt/_internal/cpython-3.7.3/lib/python3.7/site-packages/cmake/data/share/cmake-3.13/Modules/CMakeCXXCompilerABI.cpp]
  ignore line: [Linking CXX executable cmTC_b66e7]
  ignore line: [/opt/_internal/cpython-3.7.3/lib/python3.7/site-packages/cmake/data/bin/cmake -E cmake_link_script CMakeFiles/cmTC_b66e7.dir/link.txt --verbose=1]
  ignore line: [/opt/rh/devtoolset-2/root/usr/bin/c++  -Wl,-strip-all    -v -rdynamic CMakeFiles/cmTC_b66e7.dir/CMakeCXXCompilerABI.cpp.o  -o cmTC_b66e7 ]
  ignore line: [Using built-in specs.]
  ignore line: [COLLECT_GCC=/opt/rh/devtoolset-2/root/usr/bin/c++]
  ignore line: [COLLECT_LTO_WRAPPER=/opt/rh/devtoolset-2/root/usr/libexec/gcc/x86_64-CentOS-linux/4.8.2/lto-wrapper]
  ignore line: [Target: x86_64-CentOS-linux]
  ignore line: [Configured with: ../configure --prefix=/opt/rh/devtoolset-2/root/usr --mandir=/opt/rh/devtoolset-2/root/usr/share/man --infodir=/opt/rh/devtoolset-2/root/usr/share/info --with-bugurl=http://bugzilla.redhat.com/bugzilla --enable-bootstrap --enable-shared --enable-threads=posix --enable-checking=release --with-system-zlib --enable-__cxa_atexit --disable-libunwind-exceptions --disable-gnu-unique-object --enable-linker-build-id --enable-languages=c,c++,fortran,lto --enable-plugin --with-linker-hash-style=gnu --enable-initfini-array --disable-libgcj --with-isl=/home/centos/rpm/BUILD/gcc-4.8.2-20140120/obj-x86_64-CentOS-linux/isl-install --with-cloog=/home/centos/rpm/BUILD/gcc-4.8.2-20140120/obj-x86_64-CentOS-linux/cloog-install --with-gmp=/home/centos/rpm/BUILD/gcc-4.8.2-20140120/obj-x86_64-CentOS-linux/gmp-install --with-mpfr=/home/centos/rpm/BUILD/gcc-4.8.2-20140120/obj-x86_64-CentOS-linux/mpfr-install --with-mpc=/home/centos/rpm/BUILD/gcc-4.8.2-20140120/obj-x86_64-CentOS-linux/mpc-install --with-tune=generic --with-arch_32=i586 --build=x86_64-CentOS-linux]
  ignore line: [Thread model: posix]
  ignore line: [gcc version 4.8.2 20140120 (Red Hat 4.8.2-15) (GCC) ]
  ignore line: [COMPILER_PATH=/opt/rh/devtoolset-2/root/usr/libexec/gcc/x86_64-CentOS-linux/4.8.2/:/opt/rh/devtoolset-2/root/usr/libexec/gcc/x86_64-CentOS-linux/4.8.2/:/opt/rh/devtoolset-2/root/usr/libexec/gcc/x86_64-CentOS-linux/:/opt/rh/devtoolset-2/root/usr/lib/gcc/x86_64-CentOS-linux/4.8.2/:/opt/rh/devtoolset-2/root/usr/lib/gcc/x86_64-CentOS-linux/]
  ignore line: [LIBRARY_PATH=/usr/local/lib/../lib64/:/opt/rh/devtoolset-2/root/usr/lib/gcc/x86_64-CentOS-linux/4.8.2/:/opt/rh/devtoolset-2/root/usr/lib/gcc/x86_64-CentOS-linux/4.8.2/../../../../lib64/:/lib/../lib64/:/usr/lib/../lib64/:/usr/local/lib/:./:/opt/rh/devtoolset-2/root/usr/lib/gcc/x86_64-CentOS-linux/4.8.2/../../../:/lib/:/usr/lib/]
  ignore line: [COLLECT_GCC_OPTIONS='-v' '-rdynamic' '-o' 'cmTC_b66e7' '-shared-libgcc' '-mtune=generic' '-march=x86-64']
  link line: [ /opt/rh/devtoolset-2/root/usr/libexec/gcc/x86_64-CentOS-linux/4.8.2/collect2 --build-id --no-add-needed --eh-frame-hdr --hash-style=gnu -m elf_x86_64 -export-dynamic -dynamic-linker /lib64/ld-linux-x86-64.so.2 -o cmTC_b66e7 /usr/lib/../lib64/crt1.o /usr/lib/../lib64/crti.o /opt/rh/devtoolset-2/root/usr/lib/gcc/x86_64-CentOS-linux/4.8.2/crtbegin.o -L/usr/local/lib/../lib64 -L/opt/rh/devtoolset-2/root/usr/lib/gcc/x86_64-CentOS-linux/4.8.2 -L/opt/rh/devtoolset-2/root/usr/lib/gcc/x86_64-CentOS-linux/4.8.2/../../../../lib64 -L/lib/../lib64 -L/usr/lib/../lib64 -L/usr/local/lib -L. -L/opt/rh/devtoolset-2/root/usr/lib/gcc/x86_64-CentOS-linux/4.8.2/../../.. -strip-all CMakeFiles/cmTC_b66e7.dir/CMakeCXXCompilerABI.cpp.o -lstdc++ -lm -lgcc_s -lgcc -lc -lgcc_s -lgcc /opt/rh/devtoolset-2/root/usr/lib/gcc/x86_64-CentOS-linux/4.8.2/crtend.o /usr/lib/../lib64/crtn.o]
    arg [/opt/rh/devtoolset-2/root/usr/libexec/gcc/x86_64-CentOS-linux/4.8.2/collect2] ==> ignore
    arg [--build-id] ==> ignore
    arg [--no-add-needed] ==> ignore
    arg [--eh-frame-hdr] ==> ignore
    arg [--hash-style=gnu] ==> ignore
    arg [-m] ==> ignore
    arg [elf_x86_64] ==> ignore
    arg [-export-dynamic] ==> ignore
    arg [-dynamic-linker] ==> ignore
    arg [/lib64/ld-linux-x86-64.so.2] ==> ignore
    arg [-o] ==> ignore
    arg [cmTC_b66e7] ==> ignore
    arg [/usr/lib/../lib64/crt1.o] ==> ignore
    arg [/usr/lib/../lib64/crti.o] ==> ignore
    arg [/opt/rh/devtoolset-2/root/usr/lib/gcc/x86_64-CentOS-linux/4.8.2/crtbegin.o] ==> ignore
    arg [-L/usr/local/lib/../lib64] ==> dir [/usr/local/lib/../lib64]
    arg [-L/opt/rh/devtoolset-2/root/usr/lib/gcc/x86_64-CentOS-linux/4.8.2] ==> dir [/opt/rh/devtoolset-2/root/usr/lib/gcc/x86_64-CentOS-linux/4.8.2]
    arg [-L/opt/rh/devtoolset-2/root/usr/lib/gcc/x86_64-CentOS-linux/4.8.2/../../../../lib64] ==> dir [/opt/rh/devtoolset-2/root/usr/lib/gcc/x86_64-CentOS-linux/4.8.2/../../../../lib64]
    arg [-L/lib/../lib64] ==> dir [/lib/../lib64]
    arg [-L/usr/lib/../lib64] ==> dir [/usr/lib/../lib64]
    arg [-L/usr/local/lib] ==> dir [/usr/local/lib]
    arg [-L.] ==> ignore
    arg [-L/opt/rh/devtoolset-2/root/usr/lib/gcc/x86_64-CentOS-linux/4.8.2/../../..] ==> dir [/opt/rh/devtoolset-2/root/usr/lib/gcc/x86_64-CentOS-linux/4.8.2/../../..]
    arg [-strip-all] ==> ignore
    arg [CMakeFiles/cmTC_b66e7.dir/CMakeCXXCompilerABI.cpp.o] ==> ignore
    arg [-lstdc++] ==> lib [stdc++]
    arg [-lm] ==> lib [m]
    arg [-lgcc_s] ==> lib [gcc_s]
    arg [-lgcc] ==> lib [gcc]
    arg [-lc] ==> lib [c]
    arg [-lgcc_s] ==> lib [gcc_s]
    arg [-lgcc] ==> lib [gcc]
    arg [/opt/rh/devtoolset-2/root/usr/lib/gcc/x86_64-CentOS-linux/4.8.2/crtend.o] ==> ignore
    arg [/usr/lib/../lib64/crtn.o] ==> ignore
  collapse library dir [/usr/local/lib/../lib64] ==> [/usr/local/lib64]
  collapse library dir [/opt/rh/devtoolset-2/root/usr/lib/gcc/x86_64-CentOS-linux/4.8.2] ==> [/opt/rh/devtoolset-2/root/usr/lib/gcc/x86_64-CentOS-linux/4.8.2]
  collapse library dir [/opt/rh/devtoolset-2/root/usr/lib/gcc/x86_64-CentOS-linux/4.8.2/../../../../lib64] ==> [/opt/rh/devtoolset-2/root/usr/lib64]
  collapse library dir [/lib/../lib64] ==> [/lib64]
  collapse library dir [/usr/lib/../lib64] ==> [/usr/lib64]
  collapse library dir [/usr/local/lib] ==> [/usr/local/lib]
  collapse library dir [/opt/rh/devtoolset-2/root/usr/lib/gcc/x86_64-CentOS-linux/4.8.2/../../..] ==> [/opt/rh/devtoolset-2/root/usr/lib]
  implicit libs: [stdc++;m;gcc_s;gcc;c;gcc_s;gcc]
  implicit dirs: [/usr/local/lib64;/opt/rh/devtoolset-2/root/usr/lib/gcc/x86_64-CentOS-linux/4.8.2;/opt/rh/devtoolset-2/root/usr/lib64;/lib64;/usr/lib64;/usr/local/lib;/opt/rh/devtoolset-2/root/usr/lib]
  implicit fwks: []




Detecting CXX [-std=c++1y] compiler features compiled with the following output:
Change Dir: /tmp/pip-req-build-rnx_wot2/build/lib.linux-x86_64-3.7/atari_py/ale_interface/build/CMakeFiles/CMakeTmp

Run Build Command:"/usr/bin/gmake" "cmTC_a7954/fast"
/usr/bin/gmake -f CMakeFiles/cmTC_a7954.dir/build.make CMakeFiles/cmTC_a7954.dir/build
gmake[1]: Entering directory `/tmp/pip-req-build-rnx_wot2/build/lib.linux-x86_64-3.7/atari_py/ale_interface/build/CMakeFiles/CMakeTmp'
Building CXX object CMakeFiles/cmTC_a7954.dir/feature_tests.cxx.o
/opt/rh/devtoolset-2/root/usr/bin/c++    -Wl,-strip-all    -std=c++1y -o CMakeFiles/cmTC_a7954.dir/feature_tests.cxx.o -c /tmp/pip-req-build-rnx_wot2/build/lib.linux-x86_64-3.7/atari_py/ale_interface/build/CMakeFiles/feature_tests.cxx
Linking CXX executable cmTC_a7954
/opt/_internal/cpython-3.7.3/lib/python3.7/site-packages/cmake/data/bin/cmake -E cmake_link_script CMakeFiles/cmTC_a7954.dir/link.txt --verbose=1
/opt/rh/devtoolset-2/root/usr/bin/c++  -Wl,-strip-all     -rdynamic CMakeFiles/cmTC_a7954.dir/feature_tests.cxx.o  -o cmTC_a7954 
gmake[1]: Leaving directory `/tmp/pip-req-build-rnx_wot2/build/lib.linux-x86_64-3.7/atari_py/ale_interface/build/CMakeFiles/CMakeTmp'


    Feature record: CXX_FEATURE:0cxx_aggregate_default_initializers
    Feature record: CXX_FEATURE:1cxx_alias_templates
    Feature record: CXX_FEATURE:1cxx_alignas
    Feature record: CXX_FEATURE:1cxx_alignof
    Feature record: CXX_FEATURE:1cxx_attributes
    Feature record: CXX_FEATURE:0cxx_attribute_deprecated
    Feature record: CXX_FEATURE:1cxx_auto_type
    Feature record: CXX_FEATURE:0cxx_binary_literals
    Feature record: CXX_FEATURE:1cxx_constexpr
    Feature record: CXX_FEATURE:0cxx_contextual_conversions
    Feature record: CXX_FEATURE:1cxx_decltype
    Feature record: CXX_FEATURE:0cxx_decltype_auto
    Feature record: CXX_FEATURE:1cxx_decltype_incomplete_return_types
    Feature record: CXX_FEATURE:1cxx_default_function_template_args
    Feature record: CXX_FEATURE:1cxx_defaulted_functions
    Feature record: CXX_FEATURE:1cxx_defaulted_move_initializers
    Feature record: CXX_FEATURE:1cxx_delegating_constructors
    Feature record: CXX_FEATURE:1cxx_deleted_functions
    Feature record: CXX_FEATURE:0cxx_digit_separators
    Feature record: CXX_FEATURE:1cxx_enum_forward_declarations
    Feature record: CXX_FEATURE:1cxx_explicit_conversions
    Feature record: CXX_FEATURE:1cxx_extended_friend_declarations
    Feature record: CXX_FEATURE:1cxx_extern_templates
    Feature record: CXX_FEATURE:1cxx_final
    Feature record: CXX_FEATURE:1cxx_func_identifier
    Feature record: CXX_FEATURE:1cxx_generalized_initializers
    Feature record: CXX_FEATURE:0cxx_generic_lambdas
    Feature record: CXX_FEATURE:1cxx_inheriting_constructors
    Feature record: CXX_FEATURE:1cxx_inline_namespaces
    Feature record: CXX_FEATURE:1cxx_lambdas
    Feature record: CXX_FEATURE:0cxx_lambda_init_captures
    Feature record: CXX_FEATURE:1cxx_local_type_template_args
    Feature record: CXX_FEATURE:1cxx_long_long_type
    Feature record: CXX_FEATURE:1cxx_noexcept
    Feature record: CXX_FEATURE:1cxx_nonstatic_member_init
    Feature record: CXX_FEATURE:1cxx_nullptr
    Feature record: CXX_FEATURE:1cxx_override
    Feature record: CXX_FEATURE:1cxx_range_for
    Feature record: CXX_FEATURE:1cxx_raw_string_literals
    Feature record: CXX_FEATURE:1cxx_reference_qualified_functions
    Feature record: CXX_FEATURE:0cxx_relaxed_constexpr
    Feature record: CXX_FEATURE:0cxx_return_type_deduction
    Feature record: CXX_FEATURE:1cxx_right_angle_brackets
    Feature record: CXX_FEATURE:1cxx_rvalue_references
    Feature record: CXX_FEATURE:1cxx_sizeof_member
    Feature record: CXX_FEATURE:1cxx_static_assert
    Feature record: CXX_FEATURE:1cxx_strong_enums
    Feature record: CXX_FEATURE:1cxx_template_template_parameters
    Feature record: CXX_FEATURE:1cxx_thread_local
    Feature record: CXX_FEATURE:1cxx_trailing_return_types
    Feature record: CXX_FEATURE:1cxx_unicode_literals
    Feature record: CXX_FEATURE:1cxx_uniform_initialization
    Feature record: CXX_FEATURE:1cxx_unrestricted_unions
    Feature record: CXX_FEATURE:1cxx_user_literals
    Feature record: CXX_FEATURE:0cxx_variable_templates
    Feature record: CXX_FEATURE:1cxx_variadic_macros
    Feature record: CXX_FEATURE:1cxx_variadic_templates


Detecting CXX [-std=c++11] compiler features compiled with the following output:
Change Dir: /tmp/pip-req-build-rnx_wot2/build/lib.linux-x86_64-3.7/atari_py/ale_interface/build/CMakeFiles/CMakeTmp

Run Build Command:"/usr/bin/gmake" "cmTC_14533/fast"
/usr/bin/gmake -f CMakeFiles/cmTC_14533.dir/build.make CMakeFiles/cmTC_14533.dir/build
gmake[1]: Entering directory `/tmp/pip-req-build-rnx_wot2/build/lib.linux-x86_64-3.7/atari_py/ale_interface/build/CMakeFiles/CMakeTmp'
Building CXX object CMakeFiles/cmTC_14533.dir/feature_tests.cxx.o
/opt/rh/devtoolset-2/root/usr/bin/c++    -Wl,-strip-all    -std=c++11 -o CMakeFiles/cmTC_14533.dir/feature_tests.cxx.o -c /tmp/pip-req-build-rnx_wot2/build/lib.linux-x86_64-3.7/atari_py/ale_interface/build/CMakeFiles/feature_tests.cxx
Linking CXX executable cmTC_14533
/opt/_internal/cpython-3.7.3/lib/python3.7/site-packages/cmake/data/bin/cmake -E cmake_link_script CMakeFiles/cmTC_14533.dir/link.txt --verbose=1
/opt/rh/devtoolset-2/root/usr/bin/c++  -Wl,-strip-all     -rdynamic CMakeFiles/cmTC_14533.dir/feature_tests.cxx.o  -o cmTC_14533 
gmake[1]: Leaving directory `/tmp/pip-req-build-rnx_wot2/build/lib.linux-x86_64-3.7/atari_py/ale_interface/build/CMakeFiles/CMakeTmp'


    Feature record: CXX_FEATURE:0cxx_aggregate_default_initializers
    Feature record: CXX_FEATURE:1cxx_alias_templates
    Feature record: CXX_FEATURE:1cxx_alignas
    Feature record: CXX_FEATURE:1cxx_alignof
    Feature record: CXX_FEATURE:1cxx_attributes
    Feature record: CXX_FEATURE:0cxx_attribute_deprecated
    Feature record: CXX_FEATURE:1cxx_auto_type
    Feature record: CXX_FEATURE:0cxx_binary_literals
    Feature record: CXX_FEATURE:1cxx_constexpr
    Feature record: CXX_FEATURE:0cxx_contextual_conversions
    Feature record: CXX_FEATURE:1cxx_decltype
    Feature record: CXX_FEATURE:0cxx_decltype_auto
    Feature record: CXX_FEATURE:1cxx_decltype_incomplete_return_types
    Feature record: CXX_FEATURE:1cxx_default_function_template_args
    Feature record: CXX_FEATURE:1cxx_defaulted_functions
    Feature record: CXX_FEATURE:1cxx_defaulted_move_initializers
    Feature record: CXX_FEATURE:1cxx_delegating_constructors
    Feature record: CXX_FEATURE:1cxx_deleted_functions
    Feature record: CXX_FEATURE:0cxx_digit_separators
    Feature record: CXX_FEATURE:1cxx_enum_forward_declarations
    Feature record: CXX_FEATURE:1cxx_explicit_conversions
    Feature record: CXX_FEATURE:1cxx_extended_friend_declarations
    Feature record: CXX_FEATURE:1cxx_extern_templates
    Feature record: CXX_FEATURE:1cxx_final
    Feature record: CXX_FEATURE:1cxx_func_identifier
    Feature record: CXX_FEATURE:1cxx_generalized_initializers
    Feature record: CXX_FEATURE:0cxx_generic_lambdas
    Feature record: CXX_FEATURE:1cxx_inheriting_constructors
    Feature record: CXX_FEATURE:1cxx_inline_namespaces
    Feature record: CXX_FEATURE:1cxx_lambdas
    Feature record: CXX_FEATURE:0cxx_lambda_init_captures
    Feature record: CXX_FEATURE:1cxx_local_type_template_args
    Feature record: CXX_FEATURE:1cxx_long_long_type
    Feature record: CXX_FEATURE:1cxx_noexcept
    Feature record: CXX_FEATURE:1cxx_nonstatic_member_init
    Feature record: CXX_FEATURE:1cxx_nullptr
    Feature record: CXX_FEATURE:1cxx_override
    Feature record: CXX_FEATURE:1cxx_range_for
    Feature record: CXX_FEATURE:1cxx_raw_string_literals
    Feature record: CXX_FEATURE:1cxx_reference_qualified_functions
    Feature record: CXX_FEATURE:0cxx_relaxed_constexpr
    Feature record: CXX_FEATURE:0cxx_return_type_deduction
    Feature record: CXX_FEATURE:1cxx_right_angle_brackets
    Feature record: CXX_FEATURE:1cxx_rvalue_references
    Feature record: CXX_FEATURE:1cxx_sizeof_member
    Feature record: CXX_FEATURE:1cxx_static_assert
    Feature record: CXX_FEATURE:1cxx_strong_enums
    Feature record: CXX_FEATURE:1cxx_template_template_parameters
    Feature record: CXX_FEATURE:1cxx_thread_local
    Feature record: CXX_FEATURE:1cxx_trailing_return_types
    Feature record: CXX_FEATURE:1cxx_unicode_literals
    Feature record: CXX_FEATURE:1cxx_uniform_initialization
    Feature record: CXX_FEATURE:1cxx_unrestricted_unions
    Feature record: CXX_FEATURE:1cxx_user_literals
    Feature record: CXX_FEATURE:0cxx_variable_templates
    Feature record: CXX_FEATURE:1cxx_variadic_macros
    Feature record: CXX_FEATURE:1cxx_variadic_templates


Detecting CXX [-std=c++98] compiler features compiled with the following output:
Change Dir: /tmp/pip-req-build-rnx_wot2/build/lib.linux-x86_64-3.7/atari_py/ale_interface/build/CMakeFiles/CMakeTmp

Run Build Command:"/usr/bin/gmake" "cmTC_c2144/fast"
/usr/bin/gmake -f CMakeFiles/cmTC_c2144.dir/build.make CMakeFiles/cmTC_c2144.dir/build
gmake[1]: Entering directory `/tmp/pip-req-build-rnx_wot2/build/lib.linux-x86_64-3.7/atari_py/ale_interface/build/CMakeFiles/CMakeTmp'
Building CXX object CMakeFiles/cmTC_c2144.dir/feature_tests.cxx.o
/opt/rh/devtoolset-2/root/usr/bin/c++    -Wl,-strip-all    -std=c++98 -o CMakeFiles/cmTC_c2144.dir/feature_tests.cxx.o -c /tmp/pip-req-build-rnx_wot2/build/lib.linux-x86_64-3.7/atari_py/ale_interface/build/CMakeFiles/feature_tests.cxx
Linking CXX executable cmTC_c2144
/opt/_internal/cpython-3.7.3/lib/python3.7/site-packages/cmake/data/bin/cmake -E cmake_link_script CMakeFiles/cmTC_c2144.dir/link.txt --verbose=1
/opt/rh/devtoolset-2/root/usr/bin/c++  -Wl,-strip-all     -rdynamic CMakeFiles/cmTC_c2144.dir/feature_tests.cxx.o  -o cmTC_c2144 
gmake[1]: Leaving directory `/tmp/pip-req-build-rnx_wot2/build/lib.linux-x86_64-3.7/atari_py/ale_interface/build/CMakeFiles/CMakeTmp'


    Feature record: CXX_FEATURE:0cxx_aggregate_default_initializers
    Feature record: CXX_FEATURE:0cxx_alias_templates
    Feature record: CXX_FEATURE:0cxx_alignas
    Feature record: CXX_FEATURE:0cxx_alignof
    Feature record: CXX_FEATURE:0cxx_attributes
    Feature record: CXX_FEATURE:0cxx_attribute_deprecated
    Feature record: CXX_FEATURE:0cxx_auto_type
    Feature record: CXX_FEATURE:0cxx_binary_literals
    Feature record: CXX_FEATURE:0cxx_constexpr
    Feature record: CXX_FEATURE:0cxx_contextual_conversions
    Feature record: CXX_FEATURE:0cxx_decltype
    Feature record: CXX_FEATURE:0cxx_decltype_auto
    Feature record: CXX_FEATURE:0cxx_decltype_incomplete_return_types
    Feature record: CXX_FEATURE:0cxx_default_function_template_args
    Feature record: CXX_FEATURE:0cxx_defaulted_functions
    Feature record: CXX_FEATURE:0cxx_defaulted_move_initializers
    Feature record: CXX_FEATURE:0cxx_delegating_constructors
    Feature record: CXX_FEATURE:0cxx_deleted_functions
    Feature record: CXX_FEATURE:0cxx_digit_separators
    Feature record: CXX_FEATURE:0cxx_enum_forward_declarations
    Feature record: CXX_FEATURE:0cxx_explicit_conversions
    Feature record: CXX_FEATURE:0cxx_extended_friend_declarations
    Feature record: CXX_FEATURE:0cxx_extern_templates
    Feature record: CXX_FEATURE:0cxx_final
    Feature record: CXX_FEATURE:0cxx_func_identifier
    Feature record: CXX_FEATURE:0cxx_generalized_initializers
    Feature record: CXX_FEATURE:0cxx_generic_lambdas
    Feature record: CXX_FEATURE:0cxx_inheriting_constructors
    Feature record: CXX_FEATURE:0cxx_inline_namespaces
    Feature record: CXX_FEATURE:0cxx_lambdas
    Feature record: CXX_FEATURE:0cxx_lambda_init_captures
    Feature record: CXX_FEATURE:0cxx_local_type_template_args
    Feature record: CXX_FEATURE:0cxx_long_long_type
    Feature record: CXX_FEATURE:0cxx_noexcept
    Feature record: CXX_FEATURE:0cxx_nonstatic_member_init
    Feature record: CXX_FEATURE:0cxx_nullptr
    Feature record: CXX_FEATURE:0cxx_override
    Feature record: CXX_FEATURE:0cxx_range_for
    Feature record: CXX_FEATURE:0cxx_raw_string_literals
    Feature record: CXX_FEATURE:0cxx_reference_qualified_functions
    Feature record: CXX_FEATURE:0cxx_relaxed_constexpr
    Feature record: CXX_FEATURE:0cxx_return_type_deduction
    Feature record: CXX_FEATURE:0cxx_right_angle_brackets
    Feature record: CXX_FEATURE:0cxx_rvalue_references
    Feature record: CXX_FEATURE:0cxx_sizeof_member
    Feature record: CXX_FEATURE:0cxx_static_assert
    Feature record: CXX_FEATURE:0cxx_strong_enums
    Feature record: CXX_FEATURE:1cxx_template_template_parameters
    Feature record: CXX_FEATURE:0cxx_thread_local
    Feature record: CXX_FEATURE:0cxx_trailing_return_types
    Feature record: CXX_FEATURE:0cxx_unicode_literals
    Feature record: CXX_FEATURE:0cxx_uniform_initialization
    Feature record: CXX_FEATURE:0cxx_unrestricted_unions
    Feature record: CXX_FEATURE:0cxx_user_literals
    Feature record: CXX_FEATURE:0cxx_variable_templates
    Feature record: CXX_FEATURE:0cxx_variadic_macros
    Feature record: CXX_FEATURE:0cxx_variadic_templates
