[08:24:17] [main/INFO]: Extra: []
[08:24:17] [main/INFO]: Found and added coremod: com.microsoft.Malmo.OverclockingPlugin
[08:24:17] [main/INFO]: Running with arguments: [--userProperties, {}, --assetsDir, /home/wguss/.gradle/caches/minecraft/assets, --assetIndex, 1.11, --accessToken{REDACTED}, --version, 1.11.2, --tweakClass, net.minecraftforge.fml.common.launcher.FMLTweaker, --tweakClass, net.minecraftforge.gradle.tweakers.CoremodTweaker]
[08:24:17] [main/INFO]: Loading tweak class name net.minecraftforge.fml.common.launcher.FMLTweaker
[08:24:17] [main/INFO]: Using primary tweak class name net.minecraftforge.fml.common.launcher.FMLTweaker
[08:24:17] [main/INFO]: Loading tweak class name net.minecraftforge.gradle.tweakers.CoremodTweaker
[08:24:17] [main/INFO]: Calling tweak class net.minecraftforge.fml.common.launcher.FMLTweaker
[08:24:17] [main/INFO]: Forge Mod Loader version 13.20.0.2228 for Minecraft 1.11.2 loading
[08:24:17] [main/INFO]: Java is OpenJDK 64-Bit Server VM, version 1.8.0_212, running on Linux:amd64:5.0.10-surface-linux-surface, installed at /usr/lib/jvm/java-8-openjdk-amd64/jre
[08:24:17] [main/INFO]: Managed to load a deobfuscated Minecraft name- we are in a deobfuscated environment. Skipping runtime deobfuscation
[08:24:17] [main/INFO]: Found a command line coremod : com.microsoft.Malmo.OverclockingPlugin
[08:24:17] [main/WARN]: The coremod com.microsoft.Malmo.OverclockingPlugin does not have a MCVersion annotation, it may cause issues with this version of Minecraft
[08:24:17] [main/INFO]: SpongePowered MIXIN Subsystem Version=0.7.5 Source=file:/home/wguss/.gradle/caches/modules-2/files-2.1/org.spongepowered/mixin/0.7.5-SNAPSHOT/c989878008c2c5ff1a7c6491c4103d8faa221d19/mixin-0.7.5-SNAPSHOT.jar Service=LaunchWrapper Env=CLIENT
[08:24:17] [main/INFO]: Compatibility level set to JAVA_8
[08:24:17] [main/INFO]: Calling tweak class net.minecraftforge.gradle.tweakers.CoremodTweaker
[08:24:17] [main/INFO]: Injecting location in coremod net.minecraftforge.fml.relauncher.FMLCorePlugin
[08:24:17] [main/INFO]: Injecting location in coremod net.minecraftforge.classloading.FMLForgePlugin
[08:24:17] [main/INFO]: Injecting location in coremod com.microsoft.Malmo.OverclockingPlugin
[08:24:17] [main/INFO]: Loading tweak class name net.minecraftforge.fml.common.launcher.FMLInjectionAndSortingTweaker
[08:24:17] [main/INFO]: Loading tweak class name org.spongepowered.asm.mixin.EnvironmentStateTweaker
[08:24:17] [main/INFO]: Loading tweak class name net.minecraftforge.fml.common.launcher.FMLDeobfTweaker
[08:24:17] [main/INFO]: Loading tweak class name net.minecraftforge.gradle.tweakers.AccessTransformerTweaker
[08:24:17] [main/INFO]: Calling tweak class net.minecraftforge.fml.common.launcher.FMLInjectionAndSortingTweaker
[08:24:17] [main/INFO]: Calling tweak class net.minecraftforge.fml.common.launcher.FMLInjectionAndSortingTweaker
[08:24:17] [main/INFO]: Calling tweak class net.minecraftforge.fml.relauncher.CoreModManager$FMLPluginWrapper
[08:24:17] [main/ERROR]: The binary patch set is missing. Either you are in a development environment, or things are not going to work!
[08:24:17] [main/ERROR]: FML appears to be missing any signature data. This is not a good thing
[08:24:17] [main/INFO]: Calling tweak class net.minecraftforge.fml.relauncher.CoreModManager$FMLPluginWrapper
[08:24:17] [main/INFO]: Calling tweak class net.minecraftforge.fml.relauncher.CoreModManager$FMLPluginWrapper
[08:24:17] [main/INFO]: Calling tweak class org.spongepowered.asm.mixin.EnvironmentStateTweaker
[08:24:17] [main/INFO]: Initialised Mixin FML Remapper Adapter with net.minecraftforge.fml.common.asm.transformers.deobf.FMLDeobfuscatingRemapper@31198ceb
[08:24:17] [main/INFO]: Calling tweak class net.minecraftforge.fml.common.launcher.FMLDeobfTweaker
[08:24:18] [main/INFO]: Calling tweak class net.minecraftforge.gradle.tweakers.AccessTransformerTweaker
[08:24:18] [main/INFO]: Loading tweak class name net.minecraftforge.fml.common.launcher.TerminalTweaker
[08:24:18] [main/INFO]: Calling tweak class net.minecraftforge.fml.common.launcher.TerminalTweaker
[08:24:18] [main/WARN]: Reference map 'mixins.replaymod.refmap.json' for mixins.overclocking.malmomod.json could not be read. If this is a development environment you can ignore this message
[08:24:18] [main/INFO]: [com.microsoft.Malmo.OverclockingClassTransformer:transform:58]: MALMO: Attempting to transform MinecraftServer
[08:24:18] [main/INFO]: [com.microsoft.Malmo.OverclockingClassTransformer:overclockRenderer:129]: MALMO: Found Minecraft, attempting to transform it
[08:24:18] [main/INFO]: [com.microsoft.Malmo.OverclockingClassTransformer:overclockRenderer:135]: MALMO: Found Minecraft.runGameLoop() method, attempting to transform it
[08:24:18] [main/INFO]: [com.microsoft.Malmo.OverclockingClassTransformer:overclockRenderer:150]: MALMO: Hooked into call to Minecraft.updateDisplay()
[08:24:18] [main/INFO]: A re-entrant transformer '$wrapper.com.microsoft.Malmo.OverclockingClassTransformer' was detected and will no longer process meta class data
[08:24:18] [main/INFO]: Launching wrapped minecraft {net.minecraft.client.main.Main}
[08:24:18] [main/INFO]: [com.microsoft.Malmo.OverclockingClassTransformer:transform:58]: MALMO: Attempting to transform MinecraftServer
[08:24:18] [main/INFO]: [com.microsoft.Malmo.OverclockingClassTransformer:overclockRenderer:129]: MALMO: Found Minecraft, attempting to transform it
[08:24:18] [main/INFO]: [com.microsoft.Malmo.OverclockingClassTransformer:overclockRenderer:135]: MALMO: Found Minecraft.runGameLoop() method, attempting to transform it
[08:24:18] [main/INFO]: [com.microsoft.Malmo.OverclockingClassTransformer:overclockRenderer:150]: MALMO: Hooked into call to Minecraft.updateDisplay()
[08:24:18] [main/INFO]: [com.microsoft.Malmo.OverclockingClassTransformer:transform:42]: Transformed Name: net.minecraft.client.entity.EntityPlayerSP
[08:24:18] [main/INFO]: [com.microsoft.Malmo.OverclockingClassTransformer:transform:42]: Transformed Name: net.minecraft.client.entity.AbstractClientPlayer
[08:24:19] [Client thread/INFO]: Setting user: Player851
